CRITICAL - 2023-12-07 00:11:28 --> Call to undefined method CodeIgniter\HTTP\IncomingRequest::getFilters()
in APPPATH/Filters/AuthFilter.php on line 41.
 1 SYSTEMPATH/Filters/Filters.php(186): App\Filters\AuthFilter->before()
 2 SYSTEMPATH/CodeIgniter.php(474): CodeIgniter\Filters\Filters->run()
 3 SYSTEMPATH/CodeIgniter.php(361): CodeIgniter\CodeIgniter->handleRequest()
 4 FCPATH/index.php(79): CodeIgniter\CodeIgniter->run()
 5 SYSTEMPATH/Commands/Server/rewrite.php(47): require_once('/var/www/html/EXAMEN/public/index.php')
CRITICAL - 2023-12-07 00:20:13 --> Call to undefined method CodeIgniter\HTTP\IncomingRequest::getFilters()
in APPPATH/Filters/AuthFilter.php on line 41.
 1 SYSTEMPATH/Filters/Filters.php(186): App\Filters\AuthFilter->before()
 2 SYSTEMPATH/CodeIgniter.php(474): CodeIgniter\Filters\Filters->run()
 3 SYSTEMPATH/CodeIgniter.php(361): CodeIgniter\CodeIgniter->handleRequest()
 4 FCPATH/index.php(79): CodeIgniter\CodeIgniter->run()
 5 SYSTEMPATH/Commands/Server/rewrite.php(47): require_once('/var/www/html/EXAMEN/public/index.php')
CRITICAL - 2023-12-07 00:34:26 --> Cannot use object of type CodeIgniter\HTTP\IncomingRequest as array
in APPPATH/Filters/AuthFilter.php on line 41.
 1 SYSTEMPATH/Filters/Filters.php(186): App\Filters\AuthFilter->before()
 2 SYSTEMPATH/CodeIgniter.php(474): CodeIgniter\Filters\Filters->run()
 3 SYSTEMPATH/CodeIgniter.php(361): CodeIgniter\CodeIgniter->handleRequest()
 4 FCPATH/index.php(79): CodeIgniter\CodeIgniter->run()
 5 SYSTEMPATH/Commands/Server/rewrite.php(47): require_once('/var/www/html/EXAMEN/public/index.php')
CRITICAL - 2023-12-07 00:34:37 --> Undefined property: CodeIgniter\HTTP\IncomingRequest::$segments
in APPPATH/Filters/AuthFilter.php on line 41.
 1 APPPATH/Filters/AuthFilter.php(41): CodeIgniter\Debug\Exceptions->errorHandler()
 2 SYSTEMPATH/Filters/Filters.php(186): App\Filters\AuthFilter->before()
 3 SYSTEMPATH/CodeIgniter.php(474): CodeIgniter\Filters\Filters->run()
 4 SYSTEMPATH/CodeIgniter.php(361): CodeIgniter\CodeIgniter->handleRequest()
 5 FCPATH/index.php(79): CodeIgniter\CodeIgniter->run()
 6 SYSTEMPATH/Commands/Server/rewrite.php(47): require_once('/var/www/html/EXAMEN/public/index.php')
CRITICAL - 2023-12-07 00:34:47 --> Call to undefined method CodeIgniter\HTTP\IncomingRequest::segments()
in APPPATH/Filters/AuthFilter.php on line 41.
 1 SYSTEMPATH/Filters/Filters.php(186): App\Filters\AuthFilter->before()
 2 SYSTEMPATH/CodeIgniter.php(474): CodeIgniter\Filters\Filters->run()
 3 SYSTEMPATH/CodeIgniter.php(361): CodeIgniter\CodeIgniter->handleRequest()
 4 FCPATH/index.php(79): CodeIgniter\CodeIgniter->run()
 5 SYSTEMPATH/Commands/Server/rewrite.php(47): require_once('/var/www/html/EXAMEN/public/index.php')
CRITICAL - 2023-12-07 00:35:47 --> Too few arguments to function CodeIgniter\HTTP\Message::getHeader(), 0 passed in /var/www/html/EXAMEN/app/Filters/AuthFilter.php on line 41 and exactly 1 expected
in SYSTEMPATH/HTTP/Message.php on line 87.
 1 APPPATH/Filters/AuthFilter.php(41): CodeIgniter\HTTP\Message->getHeader()
 2 SYSTEMPATH/Filters/Filters.php(186): App\Filters\AuthFilter->before()
 3 SYSTEMPATH/CodeIgniter.php(474): CodeIgniter\Filters\Filters->run()
 4 SYSTEMPATH/CodeIgniter.php(361): CodeIgniter\CodeIgniter->handleRequest()
 5 FCPATH/index.php(79): CodeIgniter\CodeIgniter->run()
 6 SYSTEMPATH/Commands/Server/rewrite.php(47): require_once('/var/www/html/EXAMEN/public/index.php')
CRITICAL - 2023-12-07 00:41:47 --> syntax error, unexpected token ";", expecting ")"
in APPPATH/Filters/AuthFilter.php on line 42.
 1 SYSTEMPATH/Autoloader/Autoloader.php(291): CodeIgniter\Autoloader\Autoloader->includeFile()
 2 SYSTEMPATH/Autoloader/Autoloader.php(269): CodeIgniter\Autoloader\Autoloader->loadInNamespace()
 3 SYSTEMPATH/Filters/Filters.php(177): CodeIgniter\Autoloader\Autoloader->loadClass()
 4 SYSTEMPATH/CodeIgniter.php(474): CodeIgniter\Filters\Filters->run()
 5 SYSTEMPATH/CodeIgniter.php(361): CodeIgniter\CodeIgniter->handleRequest()
 6 FCPATH/index.php(79): CodeIgniter\CodeIgniter->run()
 7 SYSTEMPATH/Commands/Server/rewrite.php(47): require_once('/var/www/html/EXAMEN/public/index.php')
CRITICAL - 2023-12-07 00:52:27 --> Expired token
in VENDORPATH/firebase/php-jwt/src/JWT.php on line 176.
 1 APPPATH/Filters/AuthFilter.php(31): Firebase\JWT\JWT::decode()
 2 SYSTEMPATH/Filters/Filters.php(186): App\Filters\AuthFilter->before()
 3 SYSTEMPATH/CodeIgniter.php(474): CodeIgniter\Filters\Filters->run()
 4 SYSTEMPATH/CodeIgniter.php(361): CodeIgniter\CodeIgniter->handleRequest()
 5 FCPATH/index.php(79): CodeIgniter\CodeIgniter->run()
 6 SYSTEMPATH/Commands/Server/rewrite.php(47): require_once('/var/www/html/EXAMEN/public/index.php')
ERROR - 2023-12-07 01:45:04 --> mysqli_sql_exception: Unknown column 'type_user' in 'where clause' in /var/www/html/EXAMEN/system/Database/MySQLi/Connection.php:306
Stack trace:
#0 /var/www/html/EXAMEN/system/Database/MySQLi/Connection.php(306): mysqli->query()
#1 /var/www/html/EXAMEN/system/Database/BaseConnection.php(693): CodeIgniter\Database\MySQLi\Connection->execute()
#2 /var/www/html/EXAMEN/system/Database/BaseConnection.php(607): CodeIgniter\Database\BaseConnection->simpleQuery()
#3 /var/www/html/EXAMEN/system/Database/BaseBuilder.php(1615): CodeIgniter\Database\BaseConnection->query()
#4 /var/www/html/EXAMEN/system/Model.php(264): CodeIgniter\Database\BaseBuilder->get()
#5 /var/www/html/EXAMEN/system/BaseModel.php(662): CodeIgniter\Model->doFirst()
#6 /var/www/html/EXAMEN/app/Controllers/AuthController.php(28): CodeIgniter\BaseModel->first()
#7 /var/www/html/EXAMEN/system/CodeIgniter.php(942): App\Controllers\AuthController->index()
#8 /var/www/html/EXAMEN/system/CodeIgniter.php(502): CodeIgniter\CodeIgniter->runController()
#9 /var/www/html/EXAMEN/system/CodeIgniter.php(361): CodeIgniter\CodeIgniter->handleRequest()
#10 /var/www/html/EXAMEN/public/index.php(79): CodeIgniter\CodeIgniter->run()
#11 /var/www/html/EXAMEN/system/Commands/Server/rewrite.php(47): require_once('...')
#12 {main}
CRITICAL - 2023-12-07 01:45:04 --> Unknown column 'type_user' in 'where clause'
in SYSTEMPATH/Database/BaseConnection.php on line 647.
 1 SYSTEMPATH/Database/BaseBuilder.php(1615): CodeIgniter\Database\BaseConnection->query()
 2 SYSTEMPATH/Model.php(264): CodeIgniter\Database\BaseBuilder->get()
 3 SYSTEMPATH/BaseModel.php(662): CodeIgniter\Model->doFirst()
 4 APPPATH/Controllers/AuthController.php(28): CodeIgniter\BaseModel->first()
 5 SYSTEMPATH/CodeIgniter.php(942): App\Controllers\AuthController->index()
 6 SYSTEMPATH/CodeIgniter.php(502): CodeIgniter\CodeIgniter->runController()
 7 SYSTEMPATH/CodeIgniter.php(361): CodeIgniter\CodeIgniter->handleRequest()
 8 FCPATH/index.php(79): CodeIgniter\CodeIgniter->run()
 9 SYSTEMPATH/Commands/Server/rewrite.php(47): require_once('/var/www/html/EXAMEN/public/index.php')
CRITICAL - 2023-12-07 01:45:48 --> explode(): Argument #2 ($string) must be of type string, array given
in APPPATH/Controllers/AuthController.php on line 29.
 1 APPPATH/Controllers/AuthController.php(29): explode()
 2 SYSTEMPATH/CodeIgniter.php(942): App\Controllers\AuthController->index()
 3 SYSTEMPATH/CodeIgniter.php(502): CodeIgniter\CodeIgniter->runController()
 4 SYSTEMPATH/CodeIgniter.php(361): CodeIgniter\CodeIgniter->handleRequest()
 5 FCPATH/index.php(79): CodeIgniter\CodeIgniter->run()
 6 SYSTEMPATH/Commands/Server/rewrite.php(47): require_once('/var/www/html/EXAMEN/public/index.php')
CRITICAL - 2023-12-07 01:46:31 --> Attempt to read property "permissions" on array
in APPPATH/Controllers/AuthController.php on line 29.
 1 APPPATH/Controllers/AuthController.php(29): CodeIgniter\Debug\Exceptions->errorHandler()
 2 SYSTEMPATH/CodeIgniter.php(942): App\Controllers\AuthController->index()
 3 SYSTEMPATH/CodeIgniter.php(502): CodeIgniter\CodeIgniter->runController()
 4 SYSTEMPATH/CodeIgniter.php(361): CodeIgniter\CodeIgniter->handleRequest()
 5 FCPATH/index.php(79): CodeIgniter\CodeIgniter->run()
 6 SYSTEMPATH/Commands/Server/rewrite.php(47): require_once('/var/www/html/EXAMEN/public/index.php')
CRITICAL - 2023-12-07 01:57:47 --> Syntax error, malformed JSON
in VENDORPATH/firebase/php-jwt/src/JWT.php on line 524.
 1 VENDORPATH/firebase/php-jwt/src/JWT.php(369): Firebase\JWT\JWT::handleJsonError()
 2 VENDORPATH/firebase/php-jwt/src/JWT.php(113): Firebase\JWT\JWT::jsonDecode()
 3 APPPATH/Filters/AuthFilter.php(31): Firebase\JWT\JWT::decode()
 4 SYSTEMPATH/Filters/Filters.php(186): App\Filters\AuthFilter->before()
 5 SYSTEMPATH/CodeIgniter.php(474): CodeIgniter\Filters\Filters->run()
 6 SYSTEMPATH/CodeIgniter.php(361): CodeIgniter\CodeIgniter->handleRequest()
 7 FCPATH/index.php(79): CodeIgniter\CodeIgniter->run()
 8 SYSTEMPATH/Commands/Server/rewrite.php(47): require_once('/var/www/html/EXAMEN/public/index.php')
CRITICAL - 2023-12-07 02:09:18 --> There is no data to update.
in SYSTEMPATH/BaseModel.php on line 930.
 1 SYSTEMPATH/BaseModel.php(930): CodeIgniter\Database\Exceptions\DataException::forEmptyDataset()
 2 SYSTEMPATH/Model.php(776): CodeIgniter\BaseModel->update()
 3 APPPATH/Controllers/AuthController.php(29): CodeIgniter\Model->update()
 4 SYSTEMPATH/CodeIgniter.php(942): App\Controllers\AuthController->index()
 5 SYSTEMPATH/CodeIgniter.php(502): CodeIgniter\CodeIgniter->runController()
 6 SYSTEMPATH/CodeIgniter.php(361): CodeIgniter\CodeIgniter->handleRequest()
 7 FCPATH/index.php(79): CodeIgniter\CodeIgniter->run()
 8 SYSTEMPATH/Commands/Server/rewrite.php(47): require_once('/var/www/html/EXAMEN/public/index.php')
CRITICAL - 2023-12-07 11:43:42 --> Call to undefined function App\Controllers\getUserid()
in APPPATH/Controllers/AuthController.php on line 16.
 1 SYSTEMPATH/CodeIgniter.php(942): App\Controllers\AuthController->index()
 2 SYSTEMPATH/CodeIgniter.php(502): CodeIgniter\CodeIgniter->runController()
 3 SYSTEMPATH/CodeIgniter.php(361): CodeIgniter\CodeIgniter->handleRequest()
 4 FCPATH/index.php(79): CodeIgniter\CodeIgniter->run()
 5 SYSTEMPATH/Commands/Server/rewrite.php(47): require_once('/var/www/html/EXAMEN/public/index.php')
CRITICAL - 2023-12-07 11:44:48 --> Undefined property: App\Controllers\AuthController::$session
in APPPATH/Controllers/AuthController.php on line 16.
 1 APPPATH/Controllers/AuthController.php(16): CodeIgniter\Debug\Exceptions->errorHandler()
 2 SYSTEMPATH/CodeIgniter.php(942): App\Controllers\AuthController->index()
 3 SYSTEMPATH/CodeIgniter.php(502): CodeIgniter\CodeIgniter->runController()
 4 SYSTEMPATH/CodeIgniter.php(361): CodeIgniter\CodeIgniter->handleRequest()
 5 FCPATH/index.php(79): CodeIgniter\CodeIgniter->run()
 6 SYSTEMPATH/Commands/Server/rewrite.php(47): require_once('/var/www/html/EXAMEN/public/index.php')
CRITICAL - 2023-12-07 11:58:37 --> file_put_contents(/var/www/html/EXAMEN/writable/pdf/user_list.pdf): Failed to open stream: No such file or directory
in APPPATH/Controllers/UserController.php on line 38.
 1 [internal function]: CodeIgniter\Debug\Exceptions->errorHandler()
 2 APPPATH/Controllers/UserController.php(38): file_put_contents()
 3 SYSTEMPATH/CodeIgniter.php(942): App\Controllers\UserController->downloadPDF()
 4 SYSTEMPATH/CodeIgniter.php(502): CodeIgniter\CodeIgniter->runController()
 5 SYSTEMPATH/CodeIgniter.php(361): CodeIgniter\CodeIgniter->handleRequest()
 6 FCPATH/index.php(79): CodeIgniter\CodeIgniter->run()
 7 SYSTEMPATH/Commands/Server/rewrite.php(47): require_once('/var/www/html/EXAMEN/public/index.php')
CRITICAL - 2023-12-07 12:12:18 --> Undefined constant "App\Controllers\BASEPATH"
in APPPATH/Controllers/AuthController.php on line 16.
 1 SYSTEMPATH/CodeIgniter.php(942): App\Controllers\AuthController->index()
 2 SYSTEMPATH/CodeIgniter.php(502): CodeIgniter\CodeIgniter->runController()
 3 SYSTEMPATH/CodeIgniter.php(361): CodeIgniter\CodeIgniter->handleRequest()
 4 FCPATH/index.php(79): CodeIgniter\CodeIgniter->run()
 5 SYSTEMPATH/Commands/Server/rewrite.php(47): require_once('/var/www/html/EXAMEN/public/index.php')
CRITICAL - 2023-12-07 12:19:23 --> Undefined constant "App\Controllers\PUBLICPATH"
in APPPATH/Controllers/UserController.php on line 30.
 1 SYSTEMPATH/CodeIgniter.php(942): App\Controllers\UserController->downloadPDF()
 2 SYSTEMPATH/CodeIgniter.php(502): CodeIgniter\CodeIgniter->runController()
 3 SYSTEMPATH/CodeIgniter.php(361): CodeIgniter\CodeIgniter->handleRequest()
 4 FCPATH/index.php(79): CodeIgniter\CodeIgniter->run()
 5 SYSTEMPATH/Commands/Server/rewrite.php(47): require_once('/var/www/html/EXAMEN/public/index.php')
CRITICAL - 2023-12-07 12:24:49 --> file_put_contents(/pdf/user_list.pdf): Failed to open stream: No such file or directory
in APPPATH/Controllers/UserController.php on line 31.
 1 [internal function]: CodeIgniter\Debug\Exceptions->errorHandler()
 2 APPPATH/Controllers/UserController.php(31): file_put_contents()
 3 SYSTEMPATH/CodeIgniter.php(942): App\Controllers\UserController->downloadPDF()
 4 SYSTEMPATH/CodeIgniter.php(502): CodeIgniter\CodeIgniter->runController()
 5 SYSTEMPATH/CodeIgniter.php(361): CodeIgniter\CodeIgniter->handleRequest()
 6 FCPATH/index.php(79): CodeIgniter\CodeIgniter->run()
 7 SYSTEMPATH/Commands/Server/rewrite.php(47): require_once('/var/www/html/EXAMEN/public/index.php')
CRITICAL - 2023-12-07 12:34:10 --> Undefined variable $users
in APPPATH/Views/pdf/user_list.php on line 25.
 1 APPPATH/Views/pdf/user_list.php(25): CodeIgniter\Debug\Exceptions->errorHandler()
 2 SYSTEMPATH/View/View.php(228): include('/var/www/html/EXAMEN/app/Views/pdf/user_list.php')
 3 SYSTEMPATH/View/View.php(231): CodeIgniter\View\View->CodeIgniter\View\{closure}()
 4 SYSTEMPATH/Common.php(1190): CodeIgniter\View\View->render()
 5 APPPATH/Controllers/Home.php(9): view()
 6 SYSTEMPATH/CodeIgniter.php(942): App\Controllers\Home->index()
 7 SYSTEMPATH/CodeIgniter.php(502): CodeIgniter\CodeIgniter->runController()
 8 SYSTEMPATH/CodeIgniter.php(361): CodeIgniter\CodeIgniter->handleRequest()
 9 FCPATH/index.php(79): CodeIgniter\CodeIgniter->run()
10 SYSTEMPATH/Commands/Server/rewrite.php(47): require_once('/var/www/html/EXAMEN/public/index.php')
CRITICAL - 2023-12-07 12:41:29 --> Undefined variable $user
in APPPATH/Views/pdf/user_list.php on line 19.
 1 APPPATH/Views/pdf/user_list.php(19): CodeIgniter\Debug\Exceptions->errorHandler()
 2 SYSTEMPATH/View/View.php(228): include('/var/www/html/EXAMEN/app/Views/pdf/user_list.php')
 3 SYSTEMPATH/View/View.php(231): CodeIgniter\View\View->CodeIgniter\View\{closure}()
 4 SYSTEMPATH/Common.php(1190): CodeIgniter\View\View->render()
 5 APPPATH/Controllers/Home.php(13): view()
 6 SYSTEMPATH/CodeIgniter.php(942): App\Controllers\Home->index()
 7 SYSTEMPATH/CodeIgniter.php(502): CodeIgniter\CodeIgniter->runController()
 8 SYSTEMPATH/CodeIgniter.php(361): CodeIgniter\CodeIgniter->handleRequest()
 9 FCPATH/index.php(79): CodeIgniter\CodeIgniter->run()
10 SYSTEMPATH/Commands/Server/rewrite.php(47): require_once('/var/www/html/EXAMEN/public/index.php')
CRITICAL - 2023-12-07 12:46:54 --> Undefined array key "pucture"
in APPPATH/Controllers/Home.php on line 14.
 1 APPPATH/Controllers/Home.php(14): CodeIgniter\Debug\Exceptions->errorHandler()
 2 SYSTEMPATH/CodeIgniter.php(942): App\Controllers\Home->index()
 3 SYSTEMPATH/CodeIgniter.php(502): CodeIgniter\CodeIgniter->runController()
 4 SYSTEMPATH/CodeIgniter.php(361): CodeIgniter\CodeIgniter->handleRequest()
 5 FCPATH/index.php(79): CodeIgniter\CodeIgniter->run()
 6 SYSTEMPATH/Commands/Server/rewrite.php(47): require_once('/var/www/html/EXAMEN/public/index.php')
CRITICAL - 2023-12-07 13:22:43 --> Call to undefined function App\Controllers\base_path()
in APPPATH/Controllers/AuthController.php on line 16.
 1 SYSTEMPATH/CodeIgniter.php(942): App\Controllers\AuthController->index()
 2 SYSTEMPATH/CodeIgniter.php(502): CodeIgniter\CodeIgniter->runController()
 3 SYSTEMPATH/CodeIgniter.php(361): CodeIgniter\CodeIgniter->handleRequest()
 4 FCPATH/index.php(79): CodeIgniter\CodeIgniter->run()
 5 SYSTEMPATH/Commands/Server/rewrite.php(47): require_once('/var/www/html/EXAMEN/public/index.php')
CRITICAL - 2023-12-07 13:23:02 --> Call to undefined function App\Controllers\base_path()
in APPPATH/Controllers/AuthController.php on line 16.
 1 SYSTEMPATH/CodeIgniter.php(942): App\Controllers\AuthController->index()
 2 SYSTEMPATH/CodeIgniter.php(502): CodeIgniter\CodeIgniter->runController()
 3 SYSTEMPATH/CodeIgniter.php(361): CodeIgniter\CodeIgniter->handleRequest()
 4 FCPATH/index.php(79): CodeIgniter\CodeIgniter->run()
 5 SYSTEMPATH/Commands/Server/rewrite.php(47): require_once('/var/www/html/EXAMEN/public/index.php')
CRITICAL - 2023-12-07 13:28:25 --> file_get_contents(/images/1701914144.png): Failed to open stream: No such file or directory
in APPPATH/Controllers/Home.php on line 15.
 1 [internal function]: CodeIgniter\Debug\Exceptions->errorHandler()
 2 APPPATH/Controllers/Home.php(15): file_get_contents()
 3 SYSTEMPATH/CodeIgniter.php(942): App\Controllers\Home->index()
 4 SYSTEMPATH/CodeIgniter.php(502): CodeIgniter\CodeIgniter->runController()
 5 SYSTEMPATH/CodeIgniter.php(361): CodeIgniter\CodeIgniter->handleRequest()
 6 FCPATH/index.php(79): CodeIgniter\CodeIgniter->run()
 7 SYSTEMPATH/Commands/Server/rewrite.php(47): require_once('/var/www/html/EXAMEN/public/index.php')
CRITICAL - 2023-12-07 13:47:22 --> Frame not found in cellmap
in VENDORPATH/dompdf/dompdf/src/Cellmap.php on line 341.
 1 VENDORPATH/dompdf/dompdf/src/FrameReflower/TableCell.php(42): Dompdf\Cellmap->get_frame_position()
 2 VENDORPATH/dompdf/dompdf/src/FrameDecorator/AbstractFrameDecorator.php(913): Dompdf\FrameReflower\TableCell->reflow()
 3 VENDORPATH/dompdf/dompdf/src/FrameReflower/Block.php(865): Dompdf\FrameDecorator\AbstractFrameDecorator->reflow()
 4 VENDORPATH/dompdf/dompdf/src/FrameDecorator/AbstractFrameDecorator.php(913): Dompdf\FrameReflower\Block->reflow()
 5 VENDORPATH/dompdf/dompdf/src/FrameReflower/TableCell.php(95): Dompdf\FrameDecorator\AbstractFrameDecorator->reflow()
 6 VENDORPATH/dompdf/dompdf/src/FrameDecorator/AbstractFrameDecorator.php(913): Dompdf\FrameReflower\TableCell->reflow()
 7 VENDORPATH/dompdf/dompdf/src/FrameReflower/TableRow.php(56): Dompdf\FrameDecorator\AbstractFrameDecorator->reflow()
 8 VENDORPATH/dompdf/dompdf/src/FrameDecorator/AbstractFrameDecorator.php(913): Dompdf\FrameReflower\TableRow->reflow()
 9 VENDORPATH/dompdf/dompdf/src/FrameReflower/TableRowGroup.php(47): Dompdf\FrameDecorator\AbstractFrameDecorator->reflow()
10 VENDORPATH/dompdf/dompdf/src/FrameDecorator/AbstractFrameDecorator.php(913): Dompdf\FrameReflower\TableRowGroup->reflow()
11 VENDORPATH/dompdf/dompdf/src/FrameReflower/Table.php(414): Dompdf\FrameDecorator\AbstractFrameDecorator->reflow()
12 VENDORPATH/dompdf/dompdf/src/FrameDecorator/AbstractFrameDecorator.php(913): Dompdf\FrameReflower\Table->reflow()
13 VENDORPATH/dompdf/dompdf/src/FrameReflower/Block.php(865): Dompdf\FrameDecorator\AbstractFrameDecorator->reflow()
14 VENDORPATH/dompdf/dompdf/src/FrameDecorator/AbstractFrameDecorator.php(913): Dompdf\FrameReflower\Block->reflow()
15 VENDORPATH/dompdf/dompdf/src/FrameReflower/Page.php(142): Dompdf\FrameDecorator\AbstractFrameDecorator->reflow()
16 VENDORPATH/dompdf/dompdf/src/FrameDecorator/AbstractFrameDecorator.php(913): Dompdf\FrameReflower\Page->reflow()
17 VENDORPATH/dompdf/dompdf/src/Dompdf.php(765): Dompdf\FrameDecorator\AbstractFrameDecorator->reflow()
18 APPPATH/Controllers/UserController.php(30): Dompdf\Dompdf->render()
19 SYSTEMPATH/CodeIgniter.php(942): App\Controllers\UserController->downloadPDF()
20 SYSTEMPATH/CodeIgniter.php(502): CodeIgniter\CodeIgniter->runController()
21 SYSTEMPATH/CodeIgniter.php(361): CodeIgniter\CodeIgniter->handleRequest()
22 FCPATH/index.php(79): CodeIgniter\CodeIgniter->run()
23 SYSTEMPATH/Commands/Server/rewrite.php(47): require_once('/var/www/html/EXAMEN/public/index.php')
CRITICAL - 2023-12-07 13:48:12 --> Frame not found in cellmap
in VENDORPATH/dompdf/dompdf/src/Cellmap.php on line 341.
 1 VENDORPATH/dompdf/dompdf/src/FrameReflower/TableCell.php(42): Dompdf\Cellmap->get_frame_position()
 2 VENDORPATH/dompdf/dompdf/src/FrameDecorator/AbstractFrameDecorator.php(913): Dompdf\FrameReflower\TableCell->reflow()
 3 VENDORPATH/dompdf/dompdf/src/FrameReflower/Block.php(865): Dompdf\FrameDecorator\AbstractFrameDecorator->reflow()
 4 VENDORPATH/dompdf/dompdf/src/FrameDecorator/AbstractFrameDecorator.php(913): Dompdf\FrameReflower\Block->reflow()
 5 VENDORPATH/dompdf/dompdf/src/FrameReflower/TableCell.php(95): Dompdf\FrameDecorator\AbstractFrameDecorator->reflow()
 6 VENDORPATH/dompdf/dompdf/src/FrameDecorator/AbstractFrameDecorator.php(913): Dompdf\FrameReflower\TableCell->reflow()
 7 VENDORPATH/dompdf/dompdf/src/FrameReflower/TableRow.php(56): Dompdf\FrameDecorator\AbstractFrameDecorator->reflow()
 8 VENDORPATH/dompdf/dompdf/src/FrameDecorator/AbstractFrameDecorator.php(913): Dompdf\FrameReflower\TableRow->reflow()
 9 VENDORPATH/dompdf/dompdf/src/FrameReflower/TableRowGroup.php(47): Dompdf\FrameDecorator\AbstractFrameDecorator->reflow()
10 VENDORPATH/dompdf/dompdf/src/FrameDecorator/AbstractFrameDecorator.php(913): Dompdf\FrameReflower\TableRowGroup->reflow()
11 VENDORPATH/dompdf/dompdf/src/FrameReflower/Table.php(414): Dompdf\FrameDecorator\AbstractFrameDecorator->reflow()
12 VENDORPATH/dompdf/dompdf/src/FrameDecorator/AbstractFrameDecorator.php(913): Dompdf\FrameReflower\Table->reflow()
13 VENDORPATH/dompdf/dompdf/src/FrameReflower/Block.php(865): Dompdf\FrameDecorator\AbstractFrameDecorator->reflow()
14 VENDORPATH/dompdf/dompdf/src/FrameDecorator/AbstractFrameDecorator.php(913): Dompdf\FrameReflower\Block->reflow()
15 VENDORPATH/dompdf/dompdf/src/FrameReflower/Page.php(142): Dompdf\FrameDecorator\AbstractFrameDecorator->reflow()
16 VENDORPATH/dompdf/dompdf/src/FrameDecorator/AbstractFrameDecorator.php(913): Dompdf\FrameReflower\Page->reflow()
17 VENDORPATH/dompdf/dompdf/src/Dompdf.php(765): Dompdf\FrameDecorator\AbstractFrameDecorator->reflow()
18 APPPATH/Controllers/UserController.php(30): Dompdf\Dompdf->render()
19 SYSTEMPATH/CodeIgniter.php(942): App\Controllers\UserController->downloadPDF()
20 SYSTEMPATH/CodeIgniter.php(502): CodeIgniter\CodeIgniter->runController()
21 SYSTEMPATH/CodeIgniter.php(361): CodeIgniter\CodeIgniter->handleRequest()
22 FCPATH/index.php(79): CodeIgniter\CodeIgniter->run()
23 SYSTEMPATH/Commands/Server/rewrite.php(47): require_once('/var/www/html/EXAMEN/public/index.php')
CRITICAL - 2023-12-07 13:50:47 --> Frame not found in cellmap
in VENDORPATH/dompdf/dompdf/src/Cellmap.php on line 341.
 1 VENDORPATH/dompdf/dompdf/src/FrameReflower/TableCell.php(42): Dompdf\Cellmap->get_frame_position()
 2 VENDORPATH/dompdf/dompdf/src/FrameDecorator/AbstractFrameDecorator.php(913): Dompdf\FrameReflower\TableCell->reflow()
 3 VENDORPATH/dompdf/dompdf/src/FrameReflower/Block.php(865): Dompdf\FrameDecorator\AbstractFrameDecorator->reflow()
 4 VENDORPATH/dompdf/dompdf/src/FrameDecorator/AbstractFrameDecorator.php(913): Dompdf\FrameReflower\Block->reflow()
 5 VENDORPATH/dompdf/dompdf/src/FrameReflower/TableCell.php(95): Dompdf\FrameDecorator\AbstractFrameDecorator->reflow()
 6 VENDORPATH/dompdf/dompdf/src/FrameDecorator/AbstractFrameDecorator.php(913): Dompdf\FrameReflower\TableCell->reflow()
 7 VENDORPATH/dompdf/dompdf/src/FrameReflower/TableRow.php(56): Dompdf\FrameDecorator\AbstractFrameDecorator->reflow()
 8 VENDORPATH/dompdf/dompdf/src/FrameDecorator/AbstractFrameDecorator.php(913): Dompdf\FrameReflower\TableRow->reflow()
 9 VENDORPATH/dompdf/dompdf/src/FrameReflower/TableRowGroup.php(47): Dompdf\FrameDecorator\AbstractFrameDecorator->reflow()
10 VENDORPATH/dompdf/dompdf/src/FrameDecorator/AbstractFrameDecorator.php(913): Dompdf\FrameReflower\TableRowGroup->reflow()
11 VENDORPATH/dompdf/dompdf/src/FrameReflower/Table.php(414): Dompdf\FrameDecorator\AbstractFrameDecorator->reflow()
12 VENDORPATH/dompdf/dompdf/src/FrameDecorator/AbstractFrameDecorator.php(913): Dompdf\FrameReflower\Table->reflow()
13 VENDORPATH/dompdf/dompdf/src/FrameReflower/Block.php(865): Dompdf\FrameDecorator\AbstractFrameDecorator->reflow()
14 VENDORPATH/dompdf/dompdf/src/FrameDecorator/AbstractFrameDecorator.php(913): Dompdf\FrameReflower\Block->reflow()
15 VENDORPATH/dompdf/dompdf/src/FrameReflower/Page.php(142): Dompdf\FrameDecorator\AbstractFrameDecorator->reflow()
16 VENDORPATH/dompdf/dompdf/src/FrameDecorator/AbstractFrameDecorator.php(913): Dompdf\FrameReflower\Page->reflow()
17 VENDORPATH/dompdf/dompdf/src/Dompdf.php(765): Dompdf\FrameDecorator\AbstractFrameDecorator->reflow()
18 APPPATH/Controllers/UserController.php(30): Dompdf\Dompdf->render()
19 SYSTEMPATH/CodeIgniter.php(942): App\Controllers\UserController->downloadPDF()
20 SYSTEMPATH/CodeIgniter.php(502): CodeIgniter\CodeIgniter->runController()
21 SYSTEMPATH/CodeIgniter.php(361): CodeIgniter\CodeIgniter->handleRequest()
22 FCPATH/index.php(79): CodeIgniter\CodeIgniter->run()
23 SYSTEMPATH/Commands/Server/rewrite.php(47): require_once('/var/www/html/EXAMEN/public/index.php')
ERROR - 2023-12-07 14:34:51 --> mysqli_sql_exception: Duplicate entry 'admin' for key 'catusertypes.PRIMARY' in /var/www/html/EXAMEN/system/Database/MySQLi/Connection.php:306
Stack trace:
#0 /var/www/html/EXAMEN/system/Database/MySQLi/Connection.php(306): mysqli->query()
#1 /var/www/html/EXAMEN/system/Database/BaseConnection.php(693): CodeIgniter\Database\MySQLi\Connection->execute()
#2 /var/www/html/EXAMEN/system/Database/BaseConnection.php(607): CodeIgniter\Database\BaseConnection->simpleQuery()
#3 /var/www/html/EXAMEN/system/Database/BaseBuilder.php(2308): CodeIgniter\Database\BaseConnection->query()
#4 /var/www/html/EXAMEN/system/Model.php(319): CodeIgniter\Database\BaseBuilder->insert()
#5 /var/www/html/EXAMEN/system/BaseModel.php(788): CodeIgniter\Model->doInsert()
#6 /var/www/html/EXAMEN/system/Model.php(715): CodeIgniter\BaseModel->insert()
#7 /var/www/html/EXAMEN/app/Database/Seeds/CatUserSeeder.php(15): CodeIgniter\Model->insert()
#8 /var/www/html/EXAMEN/system/Database/Seeder.php(146): App\Database\Seeds\CatUserSeeder->run()
#9 /var/www/html/EXAMEN/app/Database/Seeds/ManageSeeder.php(11): CodeIgniter\Database\Seeder->call()
#10 /var/www/html/EXAMEN/system/Database/Seeder.php(146): App\Database\Seeds\ManageSeeder->run()
#11 /var/www/html/EXAMEN/system/Commands/Database/Seed.php(77): CodeIgniter\Database\Seeder->call()
#12 /var/www/html/EXAMEN/system/CLI/Commands.php(65): CodeIgniter\Commands\Database\Seed->run()
#13 /var/www/html/EXAMEN/system/CLI/Console.php(46): CodeIgniter\CLI\Commands->run()
#14 /var/www/html/EXAMEN/spark(102): CodeIgniter\CLI\Console->run()
#15 {main}
ERROR - 2023-12-07 15:00:52 --> mysqli_sql_exception: Duplicate entry '551111112' for key 'users.phone' in /var/www/html/EXAMEN/system/Database/MySQLi/Connection.php:306
Stack trace:
#0 /var/www/html/EXAMEN/system/Database/MySQLi/Connection.php(306): mysqli->query()
#1 /var/www/html/EXAMEN/system/Database/BaseConnection.php(693): CodeIgniter\Database\MySQLi\Connection->execute()
#2 /var/www/html/EXAMEN/system/Database/BaseConnection.php(607): CodeIgniter\Database\BaseConnection->simpleQuery()
#3 /var/www/html/EXAMEN/system/Database/BaseBuilder.php(2475): CodeIgniter\Database\BaseConnection->query()
#4 /var/www/html/EXAMEN/system/Model.php(385): CodeIgniter\Database\BaseBuilder->update()
#5 /var/www/html/EXAMEN/system/BaseModel.php(949): CodeIgniter\Model->doUpdate()
#6 /var/www/html/EXAMEN/system/Model.php(776): CodeIgniter\BaseModel->update()
#7 /var/www/html/EXAMEN/app/Controllers/UserController.php(94): CodeIgniter\Model->update()
#8 /var/www/html/EXAMEN/system/CodeIgniter.php(942): App\Controllers\UserController->update()
#9 /var/www/html/EXAMEN/system/CodeIgniter.php(502): CodeIgniter\CodeIgniter->runController()
#10 /var/www/html/EXAMEN/system/CodeIgniter.php(361): CodeIgniter\CodeIgniter->handleRequest()
#11 /var/www/html/EXAMEN/public/index.php(79): CodeIgniter\CodeIgniter->run()
#12 /var/www/html/EXAMEN/system/Commands/Server/rewrite.php(47): require_once('...')
#13 {main}
CRITICAL - 2023-12-07 15:00:52 --> Duplicate entry '551111112' for key 'users.phone'
in SYSTEMPATH/Database/BaseConnection.php on line 647.
 1 SYSTEMPATH/Database/BaseBuilder.php(2475): CodeIgniter\Database\BaseConnection->query()
 2 SYSTEMPATH/Model.php(385): CodeIgniter\Database\BaseBuilder->update()
 3 SYSTEMPATH/BaseModel.php(949): CodeIgniter\Model->doUpdate()
 4 SYSTEMPATH/Model.php(776): CodeIgniter\BaseModel->update()
 5 APPPATH/Controllers/UserController.php(94): CodeIgniter\Model->update()
 6 SYSTEMPATH/CodeIgniter.php(942): App\Controllers\UserController->update()
 7 SYSTEMPATH/CodeIgniter.php(502): CodeIgniter\CodeIgniter->runController()
 8 SYSTEMPATH/CodeIgniter.php(361): CodeIgniter\CodeIgniter->handleRequest()
 9 FCPATH/index.php(79): CodeIgniter\CodeIgniter->run()
10 SYSTEMPATH/Commands/Server/rewrite.php(47): require_once('/var/www/html/EXAMEN/public/index.php')
ERROR - 2023-12-07 15:01:49 --> mysqli_sql_exception: Duplicate entry '551111112' for key 'users.phone' in /var/www/html/EXAMEN/system/Database/MySQLi/Connection.php:306
Stack trace:
#0 /var/www/html/EXAMEN/system/Database/MySQLi/Connection.php(306): mysqli->query()
#1 /var/www/html/EXAMEN/system/Database/BaseConnection.php(693): CodeIgniter\Database\MySQLi\Connection->execute()
#2 /var/www/html/EXAMEN/system/Database/BaseConnection.php(607): CodeIgniter\Database\BaseConnection->simpleQuery()
#3 /var/www/html/EXAMEN/system/Database/BaseBuilder.php(2475): CodeIgniter\Database\BaseConnection->query()
#4 /var/www/html/EXAMEN/system/Model.php(385): CodeIgniter\Database\BaseBuilder->update()
#5 /var/www/html/EXAMEN/system/BaseModel.php(949): CodeIgniter\Model->doUpdate()
#6 /var/www/html/EXAMEN/system/Model.php(776): CodeIgniter\BaseModel->update()
#7 /var/www/html/EXAMEN/app/Controllers/UserController.php(94): CodeIgniter\Model->update()
#8 /var/www/html/EXAMEN/system/CodeIgniter.php(942): App\Controllers\UserController->update()
#9 /var/www/html/EXAMEN/system/CodeIgniter.php(502): CodeIgniter\CodeIgniter->runController()
#10 /var/www/html/EXAMEN/system/CodeIgniter.php(361): CodeIgniter\CodeIgniter->handleRequest()
#11 /var/www/html/EXAMEN/public/index.php(79): CodeIgniter\CodeIgniter->run()
#12 /var/www/html/EXAMEN/system/Commands/Server/rewrite.php(47): require_once('...')
#13 {main}
CRITICAL - 2023-12-07 15:01:49 --> Duplicate entry '551111112' for key 'users.phone'
in SYSTEMPATH/Database/BaseConnection.php on line 647.
 1 SYSTEMPATH/Database/BaseBuilder.php(2475): CodeIgniter\Database\BaseConnection->query()
 2 SYSTEMPATH/Model.php(385): CodeIgniter\Database\BaseBuilder->update()
 3 SYSTEMPATH/BaseModel.php(949): CodeIgniter\Model->doUpdate()
 4 SYSTEMPATH/Model.php(776): CodeIgniter\BaseModel->update()
 5 APPPATH/Controllers/UserController.php(94): CodeIgniter\Model->update()
 6 SYSTEMPATH/CodeIgniter.php(942): App\Controllers\UserController->update()
 7 SYSTEMPATH/CodeIgniter.php(502): CodeIgniter\CodeIgniter->runController()
 8 SYSTEMPATH/CodeIgniter.php(361): CodeIgniter\CodeIgniter->handleRequest()
 9 FCPATH/index.php(79): CodeIgniter\CodeIgniter->run()
10 SYSTEMPATH/Commands/Server/rewrite.php(47): require_once('/var/www/html/EXAMEN/public/index.php')
ERROR - 2023-12-07 15:06:43 --> mysqli_sql_exception: Duplicate entry '551111113' for key 'users.phone' in /var/www/html/EXAMEN/system/Database/MySQLi/Connection.php:306
Stack trace:
#0 /var/www/html/EXAMEN/system/Database/MySQLi/Connection.php(306): mysqli->query()
#1 /var/www/html/EXAMEN/system/Database/BaseConnection.php(693): CodeIgniter\Database\MySQLi\Connection->execute()
#2 /var/www/html/EXAMEN/system/Database/BaseConnection.php(607): CodeIgniter\Database\BaseConnection->simpleQuery()
#3 /var/www/html/EXAMEN/system/Database/BaseBuilder.php(2475): CodeIgniter\Database\BaseConnection->query()
#4 /var/www/html/EXAMEN/system/Model.php(385): CodeIgniter\Database\BaseBuilder->update()
#5 /var/www/html/EXAMEN/system/BaseModel.php(949): CodeIgniter\Model->doUpdate()
#6 /var/www/html/EXAMEN/system/Model.php(776): CodeIgniter\BaseModel->update()
#7 /var/www/html/EXAMEN/app/Controllers/UserController.php(93): CodeIgniter\Model->update()
#8 /var/www/html/EXAMEN/system/CodeIgniter.php(942): App\Controllers\UserController->update()
#9 /var/www/html/EXAMEN/system/CodeIgniter.php(502): CodeIgniter\CodeIgniter->runController()
#10 /var/www/html/EXAMEN/system/CodeIgniter.php(361): CodeIgniter\CodeIgniter->handleRequest()
#11 /var/www/html/EXAMEN/public/index.php(79): CodeIgniter\CodeIgniter->run()
#12 /var/www/html/EXAMEN/system/Commands/Server/rewrite.php(47): require_once('...')
#13 {main}
CRITICAL - 2023-12-07 15:06:43 --> Duplicate entry '551111113' for key 'users.phone'
in SYSTEMPATH/Database/BaseConnection.php on line 647.
 1 SYSTEMPATH/Database/BaseBuilder.php(2475): CodeIgniter\Database\BaseConnection->query()
 2 SYSTEMPATH/Model.php(385): CodeIgniter\Database\BaseBuilder->update()
 3 SYSTEMPATH/BaseModel.php(949): CodeIgniter\Model->doUpdate()
 4 SYSTEMPATH/Model.php(776): CodeIgniter\BaseModel->update()
 5 APPPATH/Controllers/UserController.php(93): CodeIgniter\Model->update()
 6 SYSTEMPATH/CodeIgniter.php(942): App\Controllers\UserController->update()
 7 SYSTEMPATH/CodeIgniter.php(502): CodeIgniter\CodeIgniter->runController()
 8 SYSTEMPATH/CodeIgniter.php(361): CodeIgniter\CodeIgniter->handleRequest()
 9 FCPATH/index.php(79): CodeIgniter\CodeIgniter->run()
10 SYSTEMPATH/Commands/Server/rewrite.php(47): require_once('/var/www/html/EXAMEN/public/index.php')
CRITICAL - 2023-12-07 15:36:44 --> Call to a member function isValid() on string
in APPPATH/Controllers/UserController.php on line 93.
 1 APPPATH/Controllers/UserController.php(120): App\Controllers\UserController->validateImage()
 2 SYSTEMPATH/CodeIgniter.php(942): App\Controllers\UserController->update()
 3 SYSTEMPATH/CodeIgniter.php(502): CodeIgniter\CodeIgniter->runController()
 4 SYSTEMPATH/CodeIgniter.php(361): CodeIgniter\CodeIgniter->handleRequest()
 5 FCPATH/index.php(79): CodeIgniter\CodeIgniter->run()
 6 SYSTEMPATH/Commands/Server/rewrite.php(47): require_once('/var/www/html/EXAMEN/public/index.php')
