ERROR - 2023-12-06 02:38:57 --> mysqli_sql_exception: Referencing column 'id_user_type' and referenced column 'id' in foreign key constraint 'users_id_user_type_foreign' are incompatible. in /var/www/html/EXAMEN/system/Database/MySQLi/Connection.php:306
Stack trace:
#0 /var/www/html/EXAMEN/system/Database/MySQLi/Connection.php(306): mysqli->query()
#1 /var/www/html/EXAMEN/system/Database/BaseConnection.php(693): CodeIgniter\Database\MySQLi\Connection->execute()
#2 /var/www/html/EXAMEN/system/Database/BaseConnection.php(607): CodeIgniter\Database\BaseConnection->simpleQuery()
#3 /var/www/html/EXAMEN/system/Database/Forge.php(546): CodeIgniter\Database\BaseConnection->query()
#4 /var/www/html/EXAMEN/app/Database/Migrations/2023-12-06-020200_AddUser.php(66): CodeIgniter\Database\Forge->createTable()
#5 /var/www/html/EXAMEN/system/Database/MigrationRunner.php(873): App\Database\Migrations\AddUser->up()
#6 /var/www/html/EXAMEN/system/Database/MigrationRunner.php(188): CodeIgniter\Database\MigrationRunner->migrate()
#7 /var/www/html/EXAMEN/system/Commands/Database/Migrate.php(84): CodeIgniter\Database\MigrationRunner->latest()
#8 /var/www/html/EXAMEN/system/CLI/Commands.php(65): CodeIgniter\Commands\Database\Migrate->run()
#9 /var/www/html/EXAMEN/system/CLI/BaseCommand.php(115): CodeIgniter\CLI\Commands->run()
#10 /var/www/html/EXAMEN/system/Commands/Database/MigrateRefresh.php(85): CodeIgniter\CLI\BaseCommand->call()
#11 /var/www/html/EXAMEN/system/CLI/Commands.php(65): CodeIgniter\Commands\Database\MigrateRefresh->run()
#12 /var/www/html/EXAMEN/system/CLI/Console.php(46): CodeIgniter\CLI\Commands->run()
#13 /var/www/html/EXAMEN/spark(102): CodeIgniter\CLI\Console->run()
#14 {main}
ERROR - 2023-12-06 02:41:47 --> mysqli_sql_exception: Unknown table 'prueba.cat_user_types' in /var/www/html/EXAMEN/system/Database/MySQLi/Connection.php:306
Stack trace:
#0 /var/www/html/EXAMEN/system/Database/MySQLi/Connection.php(306): mysqli->query()
#1 /var/www/html/EXAMEN/system/Database/BaseConnection.php(693): CodeIgniter\Database\MySQLi\Connection->execute()
#2 /var/www/html/EXAMEN/system/Database/BaseConnection.php(607): CodeIgniter\Database\BaseConnection->simpleQuery()
#3 /var/www/html/EXAMEN/system/Database/Forge.php(637): CodeIgniter\Database\BaseConnection->query()
#4 /var/www/html/EXAMEN/app/Database/Migrations/2023-12-05-022707_AddCatUserType.php(39): CodeIgniter\Database\Forge->dropTable()
#5 /var/www/html/EXAMEN/system/Database/MigrationRunner.php(873): App\Database\Migrations\AddCatUserType->down()
#6 /var/www/html/EXAMEN/system/Database/MigrationRunner.php(295): CodeIgniter\Database\MigrationRunner->migrate()
#7 /var/www/html/EXAMEN/system/Commands/Database/MigrateRollback.php(86): CodeIgniter\Database\MigrationRunner->regress()
#8 /var/www/html/EXAMEN/system/CLI/Commands.php(65): CodeIgniter\Commands\Database\MigrateRollback->run()
#9 /var/www/html/EXAMEN/system/CLI/BaseCommand.php(115): CodeIgniter\CLI\Commands->run()
#10 /var/www/html/EXAMEN/system/Commands/Database/MigrateRefresh.php(84): CodeIgniter\CLI\BaseCommand->call()
#11 /var/www/html/EXAMEN/system/CLI/Commands.php(65): CodeIgniter\Commands\Database\MigrateRefresh->run()
#12 /var/www/html/EXAMEN/system/CLI/Console.php(46): CodeIgniter\CLI\Commands->run()
#13 /var/www/html/EXAMEN/spark(102): CodeIgniter\CLI\Console->run()
#14 {main}
ERROR - 2023-12-06 02:43:26 --> mysqli_sql_exception: Unknown table 'prueba.users' in /var/www/html/EXAMEN/system/Database/MySQLi/Connection.php:306
Stack trace:
#0 /var/www/html/EXAMEN/system/Database/MySQLi/Connection.php(306): mysqli->query()
#1 /var/www/html/EXAMEN/system/Database/BaseConnection.php(693): CodeIgniter\Database\MySQLi\Connection->execute()
#2 /var/www/html/EXAMEN/system/Database/BaseConnection.php(607): CodeIgniter\Database\BaseConnection->simpleQuery()
#3 /var/www/html/EXAMEN/system/Database/Forge.php(637): CodeIgniter\Database\BaseConnection->query()
#4 /var/www/html/EXAMEN/app/Database/Migrations/2023-12-06-020200_AddUser.php(71): CodeIgniter\Database\Forge->dropTable()
#5 /var/www/html/EXAMEN/system/Database/MigrationRunner.php(873): App\Database\Migrations\AddUser->down()
#6 /var/www/html/EXAMEN/system/Database/MigrationRunner.php(295): CodeIgniter\Database\MigrationRunner->migrate()
#7 /var/www/html/EXAMEN/system/Commands/Database/MigrateRollback.php(86): CodeIgniter\Database\MigrationRunner->regress()
#8 /var/www/html/EXAMEN/system/CLI/Commands.php(65): CodeIgniter\Commands\Database\MigrateRollback->run()
#9 /var/www/html/EXAMEN/system/CLI/BaseCommand.php(115): CodeIgniter\CLI\Commands->run()
#10 /var/www/html/EXAMEN/system/Commands/Database/MigrateRefresh.php(84): CodeIgniter\CLI\BaseCommand->call()
#11 /var/www/html/EXAMEN/system/CLI/Commands.php(65): CodeIgniter\Commands\Database\MigrateRefresh->run()
#12 /var/www/html/EXAMEN/system/CLI/Console.php(46): CodeIgniter\CLI\Commands->run()
#13 /var/www/html/EXAMEN/spark(102): CodeIgniter\CLI\Console->run()
#14 {main}
ERROR - 2023-12-06 02:44:19 --> mysqli_sql_exception: Referencing column 'id_user_type' and referenced column 'id' in foreign key constraint 'users_id_user_type_foreign' are incompatible. in /var/www/html/EXAMEN/system/Database/MySQLi/Connection.php:306
Stack trace:
#0 /var/www/html/EXAMEN/system/Database/MySQLi/Connection.php(306): mysqli->query()
#1 /var/www/html/EXAMEN/system/Database/BaseConnection.php(693): CodeIgniter\Database\MySQLi\Connection->execute()
#2 /var/www/html/EXAMEN/system/Database/BaseConnection.php(607): CodeIgniter\Database\BaseConnection->simpleQuery()
#3 /var/www/html/EXAMEN/system/Database/Forge.php(546): CodeIgniter\Database\BaseConnection->query()
#4 /var/www/html/EXAMEN/app/Database/Migrations/2023-12-06-020200_AddUser.php(66): CodeIgniter\Database\Forge->createTable()
#5 /var/www/html/EXAMEN/system/Database/MigrationRunner.php(873): App\Database\Migrations\AddUser->up()
#6 /var/www/html/EXAMEN/system/Database/MigrationRunner.php(188): CodeIgniter\Database\MigrationRunner->migrate()
#7 /var/www/html/EXAMEN/system/Commands/Database/Migrate.php(84): CodeIgniter\Database\MigrationRunner->latest()
#8 /var/www/html/EXAMEN/system/CLI/Commands.php(65): CodeIgniter\Commands\Database\Migrate->run()
#9 /var/www/html/EXAMEN/system/CLI/Console.php(46): CodeIgniter\CLI\Commands->run()
#10 /var/www/html/EXAMEN/spark(102): CodeIgniter\CLI\Console->run()
#11 {main}
ERROR - 2023-12-06 04:54:50 --> mysqli_sql_exception: Unknown column 'users.deleted_at' in 'where clause' in /var/www/html/EXAMEN/system/Database/MySQLi/Connection.php:306
Stack trace:
#0 /var/www/html/EXAMEN/system/Database/MySQLi/Connection.php(306): mysqli->query()
#1 /var/www/html/EXAMEN/system/Database/BaseConnection.php(693): CodeIgniter\Database\MySQLi\Connection->execute()
#2 /var/www/html/EXAMEN/system/Database/BaseConnection.php(607): CodeIgniter\Database\BaseConnection->simpleQuery()
#3 /var/www/html/EXAMEN/system/Database/BaseBuilder.php(1615): CodeIgniter\Database\BaseConnection->query()
#4 /var/www/html/EXAMEN/system/Model.php(264): CodeIgniter\Database\BaseBuilder->get()
#5 /var/www/html/EXAMEN/system/BaseModel.php(662): CodeIgniter\Model->doFirst()
#6 /var/www/html/EXAMEN/app/Controllers/AuthController.php(19): CodeIgniter\BaseModel->first()
#7 /var/www/html/EXAMEN/system/CodeIgniter.php(942): App\Controllers\AuthController->index()
#8 /var/www/html/EXAMEN/system/CodeIgniter.php(502): CodeIgniter\CodeIgniter->runController()
#9 /var/www/html/EXAMEN/system/CodeIgniter.php(361): CodeIgniter\CodeIgniter->handleRequest()
#10 /var/www/html/EXAMEN/public/index.php(79): CodeIgniter\CodeIgniter->run()
#11 /var/www/html/EXAMEN/system/Commands/Server/rewrite.php(47): require_once('...')
#12 {main}
CRITICAL - 2023-12-06 04:54:50 --> Unknown column 'users.deleted_at' in 'where clause'
in SYSTEMPATH/Database/BaseConnection.php on line 647.
 1 SYSTEMPATH/Database/BaseBuilder.php(1615): CodeIgniter\Database\BaseConnection->query()
 2 SYSTEMPATH/Model.php(264): CodeIgniter\Database\BaseBuilder->get()
 3 SYSTEMPATH/BaseModel.php(662): CodeIgniter\Model->doFirst()
 4 APPPATH/Controllers/AuthController.php(19): CodeIgniter\BaseModel->first()
 5 SYSTEMPATH/CodeIgniter.php(942): App\Controllers\AuthController->index()
 6 SYSTEMPATH/CodeIgniter.php(502): CodeIgniter\CodeIgniter->runController()
 7 SYSTEMPATH/CodeIgniter.php(361): CodeIgniter\CodeIgniter->handleRequest()
 8 FCPATH/index.php(79): CodeIgniter\CodeIgniter->run()
 9 SYSTEMPATH/Commands/Server/rewrite.php(47): require_once('/var/www/html/EXAMEN/public/index.php')
ERROR - 2023-12-06 04:55:49 --> mysqli_sql_exception: Unknown column 'users.deleted_at' in 'where clause' in /var/www/html/EXAMEN/system/Database/MySQLi/Connection.php:306
Stack trace:
#0 /var/www/html/EXAMEN/system/Database/MySQLi/Connection.php(306): mysqli->query()
#1 /var/www/html/EXAMEN/system/Database/BaseConnection.php(693): CodeIgniter\Database\MySQLi\Connection->execute()
#2 /var/www/html/EXAMEN/system/Database/BaseConnection.php(607): CodeIgniter\Database\BaseConnection->simpleQuery()
#3 /var/www/html/EXAMEN/system/Database/BaseBuilder.php(1615): CodeIgniter\Database\BaseConnection->query()
#4 /var/www/html/EXAMEN/system/Model.php(264): CodeIgniter\Database\BaseBuilder->get()
#5 /var/www/html/EXAMEN/system/BaseModel.php(662): CodeIgniter\Model->doFirst()
#6 /var/www/html/EXAMEN/app/Controllers/AuthController.php(19): CodeIgniter\BaseModel->first()
#7 /var/www/html/EXAMEN/system/CodeIgniter.php(942): App\Controllers\AuthController->index()
#8 /var/www/html/EXAMEN/system/CodeIgniter.php(502): CodeIgniter\CodeIgniter->runController()
#9 /var/www/html/EXAMEN/system/CodeIgniter.php(361): CodeIgniter\CodeIgniter->handleRequest()
#10 /var/www/html/EXAMEN/public/index.php(79): CodeIgniter\CodeIgniter->run()
#11 /var/www/html/EXAMEN/system/Commands/Server/rewrite.php(47): require_once('...')
#12 {main}
CRITICAL - 2023-12-06 04:55:49 --> Unknown column 'users.deleted_at' in 'where clause'
in SYSTEMPATH/Database/BaseConnection.php on line 647.
 1 SYSTEMPATH/Database/BaseBuilder.php(1615): CodeIgniter\Database\BaseConnection->query()
 2 SYSTEMPATH/Model.php(264): CodeIgniter\Database\BaseBuilder->get()
 3 SYSTEMPATH/BaseModel.php(662): CodeIgniter\Model->doFirst()
 4 APPPATH/Controllers/AuthController.php(19): CodeIgniter\BaseModel->first()
 5 SYSTEMPATH/CodeIgniter.php(942): App\Controllers\AuthController->index()
 6 SYSTEMPATH/CodeIgniter.php(502): CodeIgniter\CodeIgniter->runController()
 7 SYSTEMPATH/CodeIgniter.php(361): CodeIgniter\CodeIgniter->handleRequest()
 8 FCPATH/index.php(79): CodeIgniter\CodeIgniter->run()
 9 SYSTEMPATH/Commands/Server/rewrite.php(47): require_once('/var/www/html/EXAMEN/public/index.php')
ERROR - 2023-12-06 04:57:34 --> mysqli_sql_exception: Cannot add or update a child row: a foreign key constraint fails (`prueba`.`users`, CONSTRAINT `users_id_user_type_foreign` FOREIGN KEY (`id_user_type`) REFERENCES `catusertypes` (`id`)) in /var/www/html/EXAMEN/system/Database/MySQLi/Connection.php:306
Stack trace:
#0 /var/www/html/EXAMEN/system/Database/MySQLi/Connection.php(306): mysqli->query()
#1 /var/www/html/EXAMEN/system/Database/BaseConnection.php(693): CodeIgniter\Database\MySQLi\Connection->execute()
#2 /var/www/html/EXAMEN/system/Database/BaseConnection.php(607): CodeIgniter\Database\BaseConnection->simpleQuery()
#3 /var/www/html/EXAMEN/system/Database/BaseBuilder.php(2308): CodeIgniter\Database\BaseConnection->query()
#4 /var/www/html/EXAMEN/system/Model.php(319): CodeIgniter\Database\BaseBuilder->insert()
#5 /var/www/html/EXAMEN/system/BaseModel.php(788): CodeIgniter\Model->doInsert()
#6 /var/www/html/EXAMEN/system/Model.php(715): CodeIgniter\BaseModel->insert()
#7 /var/www/html/EXAMEN/system/BaseModel.php(698): CodeIgniter\Model->insert()
#8 /var/www/html/EXAMEN/app/Controllers/Register.php(36): CodeIgniter\BaseModel->save()
#9 /var/www/html/EXAMEN/system/CodeIgniter.php(942): App\Controllers\Register->index()
#10 /var/www/html/EXAMEN/system/CodeIgniter.php(502): CodeIgniter\CodeIgniter->runController()
#11 /var/www/html/EXAMEN/system/CodeIgniter.php(361): CodeIgniter\CodeIgniter->handleRequest()
#12 /var/www/html/EXAMEN/public/index.php(79): CodeIgniter\CodeIgniter->run()
#13 /var/www/html/EXAMEN/system/Commands/Server/rewrite.php(47): require_once('...')
#14 {main}
CRITICAL - 2023-12-06 04:57:34 --> Cannot add or update a child row: a foreign key constraint fails (`prueba`.`users`, CONSTRAINT `users_id_user_type_foreign` FOREIGN KEY (`id_user_type`) REFERENCES `catusertypes` (`id`))
in SYSTEMPATH/Database/BaseConnection.php on line 647.
 1 SYSTEMPATH/Database/BaseBuilder.php(2308): CodeIgniter\Database\BaseConnection->query()
 2 SYSTEMPATH/Model.php(319): CodeIgniter\Database\BaseBuilder->insert()
 3 SYSTEMPATH/BaseModel.php(788): CodeIgniter\Model->doInsert()
 4 SYSTEMPATH/Model.php(715): CodeIgniter\BaseModel->insert()
 5 SYSTEMPATH/BaseModel.php(698): CodeIgniter\Model->insert()
 6 APPPATH/Controllers/Register.php(36): CodeIgniter\BaseModel->save()
 7 SYSTEMPATH/CodeIgniter.php(942): App\Controllers\Register->index()
 8 SYSTEMPATH/CodeIgniter.php(502): CodeIgniter\CodeIgniter->runController()
 9 SYSTEMPATH/CodeIgniter.php(361): CodeIgniter\CodeIgniter->handleRequest()
10 FCPATH/index.php(79): CodeIgniter\CodeIgniter->run()
11 SYSTEMPATH/Commands/Server/rewrite.php(47): require_once('/var/www/html/EXAMEN/public/index.php')
ERROR - 2023-12-06 05:11:54 --> mysqli_sql_exception: Unknown column 'updated_at' in 'field list' in /var/www/html/EXAMEN/system/Database/MySQLi/Connection.php:306
Stack trace:
#0 /var/www/html/EXAMEN/system/Database/MySQLi/Connection.php(306): mysqli->query()
#1 /var/www/html/EXAMEN/system/Database/BaseConnection.php(693): CodeIgniter\Database\MySQLi\Connection->execute()
#2 /var/www/html/EXAMEN/system/Database/BaseConnection.php(607): CodeIgniter\Database\BaseConnection->simpleQuery()
#3 /var/www/html/EXAMEN/system/Database/BaseBuilder.php(2308): CodeIgniter\Database\BaseConnection->query()
#4 /var/www/html/EXAMEN/system/Model.php(319): CodeIgniter\Database\BaseBuilder->insert()
#5 /var/www/html/EXAMEN/system/BaseModel.php(788): CodeIgniter\Model->doInsert()
#6 /var/www/html/EXAMEN/system/Model.php(715): CodeIgniter\BaseModel->insert()
#7 /var/www/html/EXAMEN/app/Database/Seeds/CatUserSeeder.php(14): CodeIgniter\Model->insert()
#8 /var/www/html/EXAMEN/system/Database/Seeder.php(146): App\Database\Seeds\CatUserSeeder->run()
#9 /var/www/html/EXAMEN/app/Database/Seeds/ManageSeeder.php(11): CodeIgniter\Database\Seeder->call()
#10 /var/www/html/EXAMEN/system/Database/Seeder.php(146): App\Database\Seeds\ManageSeeder->run()
#11 /var/www/html/EXAMEN/system/Commands/Database/Seed.php(77): CodeIgniter\Database\Seeder->call()
#12 /var/www/html/EXAMEN/system/CLI/Commands.php(65): CodeIgniter\Commands\Database\Seed->run()
#13 /var/www/html/EXAMEN/system/CLI/Console.php(46): CodeIgniter\CLI\Commands->run()
#14 /var/www/html/EXAMEN/spark(102): CodeIgniter\CLI\Console->run()
#15 {main}
ERROR - 2023-12-06 05:13:51 --> mysqli_sql_exception: Unknown column 'updated_at' in 'field list' in /var/www/html/EXAMEN/system/Database/MySQLi/Connection.php:306
Stack trace:
#0 /var/www/html/EXAMEN/system/Database/MySQLi/Connection.php(306): mysqli->query()
#1 /var/www/html/EXAMEN/system/Database/BaseConnection.php(693): CodeIgniter\Database\MySQLi\Connection->execute()
#2 /var/www/html/EXAMEN/system/Database/BaseConnection.php(607): CodeIgniter\Database\BaseConnection->simpleQuery()
#3 /var/www/html/EXAMEN/system/Database/BaseBuilder.php(2308): CodeIgniter\Database\BaseConnection->query()
#4 /var/www/html/EXAMEN/system/Model.php(319): CodeIgniter\Database\BaseBuilder->insert()
#5 /var/www/html/EXAMEN/system/BaseModel.php(788): CodeIgniter\Model->doInsert()
#6 /var/www/html/EXAMEN/system/Model.php(715): CodeIgniter\BaseModel->insert()
#7 /var/www/html/EXAMEN/app/Database/Seeds/CatUserSeeder.php(14): CodeIgniter\Model->insert()
#8 /var/www/html/EXAMEN/system/Database/Seeder.php(146): App\Database\Seeds\CatUserSeeder->run()
#9 /var/www/html/EXAMEN/app/Database/Seeds/ManageSeeder.php(11): CodeIgniter\Database\Seeder->call()
#10 /var/www/html/EXAMEN/system/Database/Seeder.php(146): App\Database\Seeds\ManageSeeder->run()
#11 /var/www/html/EXAMEN/system/Commands/Database/Seed.php(77): CodeIgniter\Database\Seeder->call()
#12 /var/www/html/EXAMEN/system/CLI/Commands.php(65): CodeIgniter\Commands\Database\Seed->run()
#13 /var/www/html/EXAMEN/system/CLI/Console.php(46): CodeIgniter\CLI\Commands->run()
#14 /var/www/html/EXAMEN/spark(102): CodeIgniter\CLI\Console->run()
#15 {main}
ERROR - 2023-12-06 05:16:57 --> mysqli_sql_exception: Unknown column 'updated_at' in 'field list' in /var/www/html/EXAMEN/system/Database/MySQLi/Connection.php:306
Stack trace:
#0 /var/www/html/EXAMEN/system/Database/MySQLi/Connection.php(306): mysqli->query()
#1 /var/www/html/EXAMEN/system/Database/BaseConnection.php(693): CodeIgniter\Database\MySQLi\Connection->execute()
#2 /var/www/html/EXAMEN/system/Database/BaseConnection.php(607): CodeIgniter\Database\BaseConnection->simpleQuery()
#3 /var/www/html/EXAMEN/system/Database/BaseBuilder.php(2308): CodeIgniter\Database\BaseConnection->query()
#4 /var/www/html/EXAMEN/system/Model.php(319): CodeIgniter\Database\BaseBuilder->insert()
#5 /var/www/html/EXAMEN/system/BaseModel.php(788): CodeIgniter\Model->doInsert()
#6 /var/www/html/EXAMEN/system/Model.php(715): CodeIgniter\BaseModel->insert()
#7 /var/www/html/EXAMEN/app/Database/Seeds/CatUserSeeder.php(14): CodeIgniter\Model->insert()
#8 /var/www/html/EXAMEN/system/Database/Seeder.php(146): App\Database\Seeds\CatUserSeeder->run()
#9 /var/www/html/EXAMEN/app/Database/Seeds/ManageSeeder.php(11): CodeIgniter\Database\Seeder->call()
#10 /var/www/html/EXAMEN/system/Database/Seeder.php(146): App\Database\Seeds\ManageSeeder->run()
#11 /var/www/html/EXAMEN/system/Commands/Database/Seed.php(77): CodeIgniter\Database\Seeder->call()
#12 /var/www/html/EXAMEN/system/CLI/Commands.php(65): CodeIgniter\Commands\Database\Seed->run()
#13 /var/www/html/EXAMEN/system/CLI/Console.php(46): CodeIgniter\CLI\Commands->run()
#14 /var/www/html/EXAMEN/spark(102): CodeIgniter\CLI\Console->run()
#15 {main}
ERROR - 2023-12-06 05:19:00 --> mysqli_sql_exception: Duplicate entry 'is_admin' for key 'catusertypes.user_type' in /var/www/html/EXAMEN/system/Database/MySQLi/Connection.php:306
Stack trace:
#0 /var/www/html/EXAMEN/system/Database/MySQLi/Connection.php(306): mysqli->query()
#1 /var/www/html/EXAMEN/system/Database/BaseConnection.php(693): CodeIgniter\Database\MySQLi\Connection->execute()
#2 /var/www/html/EXAMEN/system/Database/BaseConnection.php(607): CodeIgniter\Database\BaseConnection->simpleQuery()
#3 /var/www/html/EXAMEN/system/Database/BaseBuilder.php(2308): CodeIgniter\Database\BaseConnection->query()
#4 /var/www/html/EXAMEN/system/Model.php(319): CodeIgniter\Database\BaseBuilder->insert()
#5 /var/www/html/EXAMEN/system/BaseModel.php(788): CodeIgniter\Model->doInsert()
#6 /var/www/html/EXAMEN/system/Model.php(715): CodeIgniter\BaseModel->insert()
#7 /var/www/html/EXAMEN/app/Database/Seeds/CatUserSeeder.php(14): CodeIgniter\Model->insert()
#8 /var/www/html/EXAMEN/system/Database/Seeder.php(146): App\Database\Seeds\CatUserSeeder->run()
#9 /var/www/html/EXAMEN/app/Database/Seeds/ManageSeeder.php(11): CodeIgniter\Database\Seeder->call()
#10 /var/www/html/EXAMEN/system/Database/Seeder.php(146): App\Database\Seeds\ManageSeeder->run()
#11 /var/www/html/EXAMEN/system/Commands/Database/Seed.php(77): CodeIgniter\Database\Seeder->call()
#12 /var/www/html/EXAMEN/system/CLI/Commands.php(65): CodeIgniter\Commands\Database\Seed->run()
#13 /var/www/html/EXAMEN/system/CLI/Console.php(46): CodeIgniter\CLI\Commands->run()
#14 /var/www/html/EXAMEN/spark(102): CodeIgniter\CLI\Console->run()
#15 {main}
ERROR - 2023-12-06 05:20:13 --> mysqli_sql_exception: Unknown table 'prueba.users' in /var/www/html/EXAMEN/system/Database/MySQLi/Connection.php:306
Stack trace:
#0 /var/www/html/EXAMEN/system/Database/MySQLi/Connection.php(306): mysqli->query()
#1 /var/www/html/EXAMEN/system/Database/BaseConnection.php(693): CodeIgniter\Database\MySQLi\Connection->execute()
#2 /var/www/html/EXAMEN/system/Database/BaseConnection.php(607): CodeIgniter\Database\BaseConnection->simpleQuery()
#3 /var/www/html/EXAMEN/system/Database/Forge.php(637): CodeIgniter\Database\BaseConnection->query()
#4 /var/www/html/EXAMEN/app/Database/Migrations/2023-12-06-020200_AddUser.php(72): CodeIgniter\Database\Forge->dropTable()
#5 /var/www/html/EXAMEN/system/Database/MigrationRunner.php(873): App\Database\Migrations\AddUser->down()
#6 /var/www/html/EXAMEN/system/Database/MigrationRunner.php(295): CodeIgniter\Database\MigrationRunner->migrate()
#7 /var/www/html/EXAMEN/system/Commands/Database/MigrateRollback.php(86): CodeIgniter\Database\MigrationRunner->regress()
#8 /var/www/html/EXAMEN/system/CLI/Commands.php(65): CodeIgniter\Commands\Database\MigrateRollback->run()
#9 /var/www/html/EXAMEN/system/CLI/BaseCommand.php(115): CodeIgniter\CLI\Commands->run()
#10 /var/www/html/EXAMEN/system/Commands/Database/MigrateRefresh.php(84): CodeIgniter\CLI\BaseCommand->call()
#11 /var/www/html/EXAMEN/system/CLI/Commands.php(65): CodeIgniter\Commands\Database\MigrateRefresh->run()
#12 /var/www/html/EXAMEN/system/CLI/Console.php(46): CodeIgniter\CLI\Commands->run()
#13 /var/www/html/EXAMEN/spark(102): CodeIgniter\CLI\Console->run()
#14 {main}
ERROR - 2023-12-06 05:20:38 --> mysqli_sql_exception: Table 'prueba.catusertypes' doesn't exist in /var/www/html/EXAMEN/system/Database/MySQLi/Connection.php:306
Stack trace:
#0 /var/www/html/EXAMEN/system/Database/MySQLi/Connection.php(306): mysqli->query()
#1 /var/www/html/EXAMEN/system/Database/BaseConnection.php(693): CodeIgniter\Database\MySQLi\Connection->execute()
#2 /var/www/html/EXAMEN/system/Database/BaseConnection.php(607): CodeIgniter\Database\BaseConnection->simpleQuery()
#3 /var/www/html/EXAMEN/system/Database/BaseBuilder.php(2308): CodeIgniter\Database\BaseConnection->query()
#4 /var/www/html/EXAMEN/system/Model.php(319): CodeIgniter\Database\BaseBuilder->insert()
#5 /var/www/html/EXAMEN/system/BaseModel.php(788): CodeIgniter\Model->doInsert()
#6 /var/www/html/EXAMEN/system/Model.php(715): CodeIgniter\BaseModel->insert()
#7 /var/www/html/EXAMEN/app/Database/Seeds/CatUserSeeder.php(14): CodeIgniter\Model->insert()
#8 /var/www/html/EXAMEN/system/Database/Seeder.php(146): App\Database\Seeds\CatUserSeeder->run()
#9 /var/www/html/EXAMEN/app/Database/Seeds/ManageSeeder.php(11): CodeIgniter\Database\Seeder->call()
#10 /var/www/html/EXAMEN/system/Database/Seeder.php(146): App\Database\Seeds\ManageSeeder->run()
#11 /var/www/html/EXAMEN/system/Commands/Database/Seed.php(77): CodeIgniter\Database\Seeder->call()
#12 /var/www/html/EXAMEN/system/CLI/Commands.php(65): CodeIgniter\Commands\Database\Seed->run()
#13 /var/www/html/EXAMEN/system/CLI/Console.php(46): CodeIgniter\CLI\Commands->run()
#14 /var/www/html/EXAMEN/spark(102): CodeIgniter\CLI\Console->run()
#15 {main}
ERROR - 2023-12-06 05:21:23 --> mysqli_sql_exception: Duplicate entry '2147483647' for key 'users.phone' in /var/www/html/EXAMEN/system/Database/MySQLi/Connection.php:306
Stack trace:
#0 /var/www/html/EXAMEN/system/Database/MySQLi/Connection.php(306): mysqli->query()
#1 /var/www/html/EXAMEN/system/Database/BaseConnection.php(693): CodeIgniter\Database\MySQLi\Connection->execute()
#2 /var/www/html/EXAMEN/system/Database/BaseConnection.php(607): CodeIgniter\Database\BaseConnection->simpleQuery()
#3 /var/www/html/EXAMEN/system/Database/BaseBuilder.php(2308): CodeIgniter\Database\BaseConnection->query()
#4 /var/www/html/EXAMEN/system/Model.php(319): CodeIgniter\Database\BaseBuilder->insert()
#5 /var/www/html/EXAMEN/system/BaseModel.php(788): CodeIgniter\Model->doInsert()
#6 /var/www/html/EXAMEN/system/Model.php(715): CodeIgniter\BaseModel->insert()
#7 /var/www/html/EXAMEN/app/Database/Seeds/UserSeeder.php(27): CodeIgniter\Model->insert()
#8 /var/www/html/EXAMEN/system/Database/Seeder.php(146): App\Database\Seeds\UserSeeder->run()
#9 /var/www/html/EXAMEN/app/Database/Seeds/ManageSeeder.php(12): CodeIgniter\Database\Seeder->call()
#10 /var/www/html/EXAMEN/system/Database/Seeder.php(146): App\Database\Seeds\ManageSeeder->run()
#11 /var/www/html/EXAMEN/system/Commands/Database/Seed.php(77): CodeIgniter\Database\Seeder->call()
#12 /var/www/html/EXAMEN/system/CLI/Commands.php(65): CodeIgniter\Commands\Database\Seed->run()
#13 /var/www/html/EXAMEN/system/CLI/Console.php(46): CodeIgniter\CLI\Commands->run()
#14 /var/www/html/EXAMEN/spark(102): CodeIgniter\CLI\Console->run()
#15 {main}
ERROR - 2023-12-06 19:05:48 --> mysqli_sql_exception: Table 'prueba.users' doesn't exist in /var/www/html/EXAMEN/system/Database/MySQLi/Connection.php:306
Stack trace:
#0 /var/www/html/EXAMEN/system/Database/MySQLi/Connection.php(306): mysqli->query()
#1 /var/www/html/EXAMEN/system/Database/BaseConnection.php(693): CodeIgniter\Database\MySQLi\Connection->execute()
#2 /var/www/html/EXAMEN/system/Database/BaseConnection.php(607): CodeIgniter\Database\BaseConnection->simpleQuery()
#3 /var/www/html/EXAMEN/system/Database/BaseBuilder.php(1615): CodeIgniter\Database\BaseConnection->query()
#4 /var/www/html/EXAMEN/system/Validation/StrictRules/Rules.php(212): CodeIgniter\Database\BaseBuilder->get()
#5 /var/www/html/EXAMEN/system/Validation/Validation.php(311): CodeIgniter\Validation\StrictRules\Rules->is_unique()
#6 /var/www/html/EXAMEN/system/Validation/Validation.php(197): CodeIgniter\Validation\Validation->processRules()
#7 /var/www/html/EXAMEN/system/Controller.php(152): CodeIgniter\Validation\Validation->run()
#8 /var/www/html/EXAMEN/app/Controllers/Register.php(25): CodeIgniter\Controller->validate()
#9 /var/www/html/EXAMEN/system/CodeIgniter.php(942): App\Controllers\Register->index()
#10 /var/www/html/EXAMEN/system/CodeIgniter.php(502): CodeIgniter\CodeIgniter->runController()
#11 /var/www/html/EXAMEN/system/CodeIgniter.php(361): CodeIgniter\CodeIgniter->handleRequest()
#12 /var/www/html/EXAMEN/public/index.php(79): CodeIgniter\CodeIgniter->run()
#13 /var/www/html/EXAMEN/system/Commands/Server/rewrite.php(47): require_once('...')
#14 {main}
CRITICAL - 2023-12-06 19:05:48 --> Table 'prueba.users' doesn't exist
in SYSTEMPATH/Database/BaseConnection.php on line 647.
 1 SYSTEMPATH/Database/BaseBuilder.php(1615): CodeIgniter\Database\BaseConnection->query()
 2 SYSTEMPATH/Validation/StrictRules/Rules.php(212): CodeIgniter\Database\BaseBuilder->get()
 3 SYSTEMPATH/Validation/Validation.php(311): CodeIgniter\Validation\StrictRules\Rules->is_unique()
 4 SYSTEMPATH/Validation/Validation.php(197): CodeIgniter\Validation\Validation->processRules()
 5 SYSTEMPATH/Controller.php(152): CodeIgniter\Validation\Validation->run()
 6 APPPATH/Controllers/Register.php(25): CodeIgniter\Controller->validate()
 7 SYSTEMPATH/CodeIgniter.php(942): App\Controllers\Register->index()
 8 SYSTEMPATH/CodeIgniter.php(502): CodeIgniter\CodeIgniter->runController()
 9 SYSTEMPATH/CodeIgniter.php(361): CodeIgniter\CodeIgniter->handleRequest()
10 FCPATH/index.php(79): CodeIgniter\CodeIgniter->run()
11 SYSTEMPATH/Commands/Server/rewrite.php(47): require_once('/var/www/html/EXAMEN/public/index.php')
ERROR - 2023-12-06 19:06:13 --> mysqli_sql_exception: Unknown table 'prueba.users' in /var/www/html/EXAMEN/system/Database/MySQLi/Connection.php:306
Stack trace:
#0 /var/www/html/EXAMEN/system/Database/MySQLi/Connection.php(306): mysqli->query()
#1 /var/www/html/EXAMEN/system/Database/BaseConnection.php(693): CodeIgniter\Database\MySQLi\Connection->execute()
#2 /var/www/html/EXAMEN/system/Database/BaseConnection.php(607): CodeIgniter\Database\BaseConnection->simpleQuery()
#3 /var/www/html/EXAMEN/system/Database/Forge.php(637): CodeIgniter\Database\BaseConnection->query()
#4 /var/www/html/EXAMEN/app/Database/Migrations/2023-12-06-020200_AddUser.php(72): CodeIgniter\Database\Forge->dropTable()
#5 /var/www/html/EXAMEN/system/Database/MigrationRunner.php(873): App\Database\Migrations\AddUser->down()
#6 /var/www/html/EXAMEN/system/Database/MigrationRunner.php(295): CodeIgniter\Database\MigrationRunner->migrate()
#7 /var/www/html/EXAMEN/system/Commands/Database/MigrateRollback.php(86): CodeIgniter\Database\MigrationRunner->regress()
#8 /var/www/html/EXAMEN/system/CLI/Commands.php(65): CodeIgniter\Commands\Database\MigrateRollback->run()
#9 /var/www/html/EXAMEN/system/CLI/BaseCommand.php(115): CodeIgniter\CLI\Commands->run()
#10 /var/www/html/EXAMEN/system/Commands/Database/MigrateRefresh.php(84): CodeIgniter\CLI\BaseCommand->call()
#11 /var/www/html/EXAMEN/system/CLI/Commands.php(65): CodeIgniter\Commands\Database\MigrateRefresh->run()
#12 /var/www/html/EXAMEN/system/CLI/Console.php(46): CodeIgniter\CLI\Commands->run()
#13 /var/www/html/EXAMEN/spark(102): CodeIgniter\CLI\Console->run()
#14 {main}
ERROR - 2023-12-06 21:22:52 --> mysqli_sql_exception: Column 'picture' cannot be null in /var/www/html/EXAMEN/system/Database/MySQLi/Connection.php:306
Stack trace:
#0 /var/www/html/EXAMEN/system/Database/MySQLi/Connection.php(306): mysqli->query()
#1 /var/www/html/EXAMEN/system/Database/BaseConnection.php(693): CodeIgniter\Database\MySQLi\Connection->execute()
#2 /var/www/html/EXAMEN/system/Database/BaseConnection.php(607): CodeIgniter\Database\BaseConnection->simpleQuery()
#3 /var/www/html/EXAMEN/system/Database/BaseBuilder.php(2308): CodeIgniter\Database\BaseConnection->query()
#4 /var/www/html/EXAMEN/system/Model.php(319): CodeIgniter\Database\BaseBuilder->insert()
#5 /var/www/html/EXAMEN/system/BaseModel.php(788): CodeIgniter\Model->doInsert()
#6 /var/www/html/EXAMEN/system/Model.php(715): CodeIgniter\BaseModel->insert()
#7 /var/www/html/EXAMEN/system/BaseModel.php(698): CodeIgniter\Model->insert()
#8 /var/www/html/EXAMEN/app/Controllers/Register.php(36): CodeIgniter\BaseModel->save()
#9 /var/www/html/EXAMEN/system/CodeIgniter.php(942): App\Controllers\Register->index()
#10 /var/www/html/EXAMEN/system/CodeIgniter.php(502): CodeIgniter\CodeIgniter->runController()
#11 /var/www/html/EXAMEN/system/CodeIgniter.php(361): CodeIgniter\CodeIgniter->handleRequest()
#12 /var/www/html/EXAMEN/public/index.php(79): CodeIgniter\CodeIgniter->run()
#13 /var/www/html/EXAMEN/system/Commands/Server/rewrite.php(47): require_once('...')
#14 {main}
CRITICAL - 2023-12-06 21:22:52 --> Column 'picture' cannot be null
in SYSTEMPATH/Database/BaseConnection.php on line 647.
 1 SYSTEMPATH/Database/BaseBuilder.php(2308): CodeIgniter\Database\BaseConnection->query()
 2 SYSTEMPATH/Model.php(319): CodeIgniter\Database\BaseBuilder->insert()
 3 SYSTEMPATH/BaseModel.php(788): CodeIgniter\Model->doInsert()
 4 SYSTEMPATH/Model.php(715): CodeIgniter\BaseModel->insert()
 5 SYSTEMPATH/BaseModel.php(698): CodeIgniter\Model->insert()
 6 APPPATH/Controllers/Register.php(36): CodeIgniter\BaseModel->save()
 7 SYSTEMPATH/CodeIgniter.php(942): App\Controllers\Register->index()
 8 SYSTEMPATH/CodeIgniter.php(502): CodeIgniter\CodeIgniter->runController()
 9 SYSTEMPATH/CodeIgniter.php(361): CodeIgniter\CodeIgniter->handleRequest()
10 FCPATH/index.php(79): CodeIgniter\CodeIgniter->run()
11 SYSTEMPATH/Commands/Server/rewrite.php(47): require_once('/var/www/html/EXAMEN/public/index.php')
CRITICAL - 2023-12-06 21:48:00 --> Expired token
in VENDORPATH/firebase/php-jwt/src/JWT.php on line 176.
 1 APPPATH/Filters/AuthFilter.php(50): Firebase\JWT\JWT::decode()
 2 SYSTEMPATH/Filters/Filters.php(186): App\Filters\AuthFilter->before()
 3 SYSTEMPATH/CodeIgniter.php(474): CodeIgniter\Filters\Filters->run()
 4 SYSTEMPATH/CodeIgniter.php(361): CodeIgniter\CodeIgniter->handleRequest()
 5 FCPATH/index.php(79): CodeIgniter\CodeIgniter->run()
 6 SYSTEMPATH/Commands/Server/rewrite.php(47): require_once('/var/www/html/EXAMEN/public/index.php')
ERROR - 2023-12-06 23:18:16 --> mysqli_sql_exception: Incorrect table definition; there can be only one auto column and it must be defined as a key in /var/www/html/EXAMEN/system/Database/MySQLi/Connection.php:306
Stack trace:
#0 /var/www/html/EXAMEN/system/Database/MySQLi/Connection.php(306): mysqli->query()
#1 /var/www/html/EXAMEN/system/Database/BaseConnection.php(693): CodeIgniter\Database\MySQLi\Connection->execute()
#2 /var/www/html/EXAMEN/system/Database/BaseConnection.php(607): CodeIgniter\Database\BaseConnection->simpleQuery()
#3 /var/www/html/EXAMEN/system/Database/Forge.php(546): CodeIgniter\Database\BaseConnection->query()
#4 /var/www/html/EXAMEN/app/Database/Migrations/2023-12-05-022707_AddCatUserType.php(37): CodeIgniter\Database\Forge->createTable()
#5 /var/www/html/EXAMEN/system/Database/MigrationRunner.php(873): App\Database\Migrations\AddCatUserType->up()
#6 /var/www/html/EXAMEN/system/Database/MigrationRunner.php(188): CodeIgniter\Database\MigrationRunner->migrate()
#7 /var/www/html/EXAMEN/system/Commands/Database/Migrate.php(84): CodeIgniter\Database\MigrationRunner->latest()
#8 /var/www/html/EXAMEN/system/CLI/Commands.php(65): CodeIgniter\Commands\Database\Migrate->run()
#9 /var/www/html/EXAMEN/system/CLI/Console.php(46): CodeIgniter\CLI\Commands->run()
#10 /var/www/html/EXAMEN/spark(102): CodeIgniter\CLI\Console->run()
#11 {main}
ERROR - 2023-12-06 23:19:12 --> mysqli_sql_exception: Referencing column 'id_user_type' and referenced column 'user_type' in foreign key constraint 'users_id_user_type_foreign' are incompatible. in /var/www/html/EXAMEN/system/Database/MySQLi/Connection.php:306
Stack trace:
#0 /var/www/html/EXAMEN/system/Database/MySQLi/Connection.php(306): mysqli->query()
#1 /var/www/html/EXAMEN/system/Database/BaseConnection.php(693): CodeIgniter\Database\MySQLi\Connection->execute()
#2 /var/www/html/EXAMEN/system/Database/BaseConnection.php(607): CodeIgniter\Database\BaseConnection->simpleQuery()
#3 /var/www/html/EXAMEN/system/Database/Forge.php(546): CodeIgniter\Database\BaseConnection->query()
#4 /var/www/html/EXAMEN/app/Database/Migrations/2023-12-06-020200_AddUser.php(68): CodeIgniter\Database\Forge->createTable()
#5 /var/www/html/EXAMEN/system/Database/MigrationRunner.php(873): App\Database\Migrations\AddUser->up()
#6 /var/www/html/EXAMEN/system/Database/MigrationRunner.php(188): CodeIgniter\Database\MigrationRunner->migrate()
#7 /var/www/html/EXAMEN/system/Commands/Database/Migrate.php(84): CodeIgniter\Database\MigrationRunner->latest()
#8 /var/www/html/EXAMEN/system/CLI/Commands.php(65): CodeIgniter\Commands\Database\Migrate->run()
#9 /var/www/html/EXAMEN/system/CLI/Console.php(46): CodeIgniter\CLI\Commands->run()
#10 /var/www/html/EXAMEN/spark(102): CodeIgniter\CLI\Console->run()
#11 {main}
ERROR - 2023-12-06 23:19:44 --> mysqli_sql_exception: You have an error in your SQL syntax; check the manual that corresponds to your MySQL server version for the right syntax to use near 'UNSIGNED NOT NULL,
	`last_login` TIMESTAMP NULL,
	`created_at` TIMESTAMP NULL,
	' at line 9 in /var/www/html/EXAMEN/system/Database/MySQLi/Connection.php:306
Stack trace:
#0 /var/www/html/EXAMEN/system/Database/MySQLi/Connection.php(306): mysqli->query()
#1 /var/www/html/EXAMEN/system/Database/BaseConnection.php(693): CodeIgniter\Database\MySQLi\Connection->execute()
#2 /var/www/html/EXAMEN/system/Database/BaseConnection.php(607): CodeIgniter\Database\BaseConnection->simpleQuery()
#3 /var/www/html/EXAMEN/system/Database/Forge.php(546): CodeIgniter\Database\BaseConnection->query()
#4 /var/www/html/EXAMEN/app/Database/Migrations/2023-12-06-020200_AddUser.php(68): CodeIgniter\Database\Forge->createTable()
#5 /var/www/html/EXAMEN/system/Database/MigrationRunner.php(873): App\Database\Migrations\AddUser->up()
#6 /var/www/html/EXAMEN/system/Database/MigrationRunner.php(188): CodeIgniter\Database\MigrationRunner->migrate()
#7 /var/www/html/EXAMEN/system/Commands/Database/Migrate.php(84): CodeIgniter\Database\MigrationRunner->latest()
#8 /var/www/html/EXAMEN/system/CLI/Commands.php(65): CodeIgniter\Commands\Database\Migrate->run()
#9 /var/www/html/EXAMEN/system/CLI/Console.php(46): CodeIgniter\CLI\Commands->run()
#10 /var/www/html/EXAMEN/spark(102): CodeIgniter\CLI\Console->run()
#11 {main}
CRITICAL - 2023-12-06 23:37:30 --> Undefined array key "admin"
in APPPATH/Controllers/AuthController.php on line 26.
 1 APPPATH/Controllers/AuthController.php(26): CodeIgniter\Debug\Exceptions->errorHandler()
 2 SYSTEMPATH/CodeIgniter.php(942): App\Controllers\AuthController->index()
 3 SYSTEMPATH/CodeIgniter.php(502): CodeIgniter\CodeIgniter->runController()
 4 SYSTEMPATH/CodeIgniter.php(361): CodeIgniter\CodeIgniter->handleRequest()
 5 FCPATH/index.php(79): CodeIgniter\CodeIgniter->run()
 6 SYSTEMPATH/Commands/Server/rewrite.php(47): require_once('/var/www/html/EXAMEN/public/index.php')
CRITICAL - 2023-12-06 23:39:10 --> Undefined array key "admin"
in APPPATH/Controllers/AuthController.php on line 26.
 1 APPPATH/Controllers/AuthController.php(26): CodeIgniter\Debug\Exceptions->errorHandler()
 2 SYSTEMPATH/CodeIgniter.php(942): App\Controllers\AuthController->index()
 3 SYSTEMPATH/CodeIgniter.php(502): CodeIgniter\CodeIgniter->runController()
 4 SYSTEMPATH/CodeIgniter.php(361): CodeIgniter\CodeIgniter->handleRequest()
 5 FCPATH/index.php(79): CodeIgniter\CodeIgniter->run()
 6 SYSTEMPATH/Commands/Server/rewrite.php(47): require_once('/var/www/html/EXAMEN/public/index.php')
CRITICAL - 2023-12-06 23:40:28 --> Undefined array key "admin"
in APPPATH/Controllers/AuthController.php on line 26.
 1 APPPATH/Controllers/AuthController.php(26): CodeIgniter\Debug\Exceptions->errorHandler()
 2 SYSTEMPATH/CodeIgniter.php(942): App\Controllers\AuthController->index()
 3 SYSTEMPATH/CodeIgniter.php(502): CodeIgniter\CodeIgniter->runController()
 4 SYSTEMPATH/CodeIgniter.php(361): CodeIgniter\CodeIgniter->handleRequest()
 5 FCPATH/index.php(79): CodeIgniter\CodeIgniter->run()
 6 SYSTEMPATH/Commands/Server/rewrite.php(47): require_once('/var/www/html/EXAMEN/public/index.php')
CRITICAL - 2023-12-06 23:40:50 --> Undefined array key "admin"
in APPPATH/Controllers/AuthController.php on line 26.
 1 APPPATH/Controllers/AuthController.php(26): CodeIgniter\Debug\Exceptions->errorHandler()
 2 SYSTEMPATH/CodeIgniter.php(942): App\Controllers\AuthController->index()
 3 SYSTEMPATH/CodeIgniter.php(502): CodeIgniter\CodeIgniter->runController()
 4 SYSTEMPATH/CodeIgniter.php(361): CodeIgniter\CodeIgniter->handleRequest()
 5 FCPATH/index.php(79): CodeIgniter\CodeIgniter->run()
 6 SYSTEMPATH/Commands/Server/rewrite.php(47): require_once('/var/www/html/EXAMEN/public/index.php')
CRITICAL - 2023-12-06 23:42:02 --> Malformed UTF-8 characters
in VENDORPATH/firebase/php-jwt/src/JWT.php on line 524.
 1 VENDORPATH/firebase/php-jwt/src/JWT.php(369): Firebase\JWT\JWT::handleJsonError()
 2 VENDORPATH/firebase/php-jwt/src/JWT.php(113): Firebase\JWT\JWT::jsonDecode()
 3 APPPATH/Filters/AuthFilter.php(31): Firebase\JWT\JWT::decode()
 4 SYSTEMPATH/Filters/Filters.php(186): App\Filters\AuthFilter->before()
 5 SYSTEMPATH/CodeIgniter.php(474): CodeIgniter\Filters\Filters->run()
 6 SYSTEMPATH/CodeIgniter.php(361): CodeIgniter\CodeIgniter->handleRequest()
 7 FCPATH/index.php(79): CodeIgniter\CodeIgniter->run()
 8 SYSTEMPATH/Commands/Server/rewrite.php(47): require_once('/var/www/html/EXAMEN/public/index.php')
CRITICAL - 2023-12-06 23:56:56 --> Trying to access array offset on value of type null
in APPPATH/Filters/AuthFilter.php on line 14.
 1 APPPATH/Filters/AuthFilter.php(14): CodeIgniter\Debug\Exceptions->errorHandler()
 2 SYSTEMPATH/Filters/Filters.php(186): App\Filters\AuthFilter->before()
 3 SYSTEMPATH/CodeIgniter.php(474): CodeIgniter\Filters\Filters->run()
 4 SYSTEMPATH/CodeIgniter.php(361): CodeIgniter\CodeIgniter->handleRequest()
 5 FCPATH/index.php(79): CodeIgniter\CodeIgniter->run()
 6 SYSTEMPATH/Commands/Server/rewrite.php(47): require_once('/var/www/html/EXAMEN/public/index.php')
CRITICAL - 2023-12-06 20:21:17 --> Expired token
in VENDORPATH/firebase/php-jwt/src/JWT.php on line 176.
 1 APPPATH/Filters/AuthFilter.php(31): Firebase\JWT\JWT::decode()
 2 SYSTEMPATH/Filters/Filters.php(186): App\Filters\AuthFilter->before()
 3 SYSTEMPATH/CodeIgniter.php(474): CodeIgniter\Filters\Filters->run()
 4 SYSTEMPATH/CodeIgniter.php(361): CodeIgniter\CodeIgniter->handleRequest()
 5 FCPATH/index.php(79): CodeIgniter\CodeIgniter->run()
 6 SYSTEMPATH/Commands/Server/rewrite.php(47): require_once('/var/www/html/EXAMEN/public/index.php')
ERROR - 2023-12-06 20:23:44 --> mysqli_sql_exception: Unknown column 'photo' in 'field list' in /var/www/html/EXAMEN/system/Database/MySQLi/Connection.php:306
Stack trace:
#0 /var/www/html/EXAMEN/system/Database/MySQLi/Connection.php(306): mysqli->query()
#1 /var/www/html/EXAMEN/system/Database/BaseConnection.php(693): CodeIgniter\Database\MySQLi\Connection->execute()
#2 /var/www/html/EXAMEN/system/Database/BaseConnection.php(607): CodeIgniter\Database\BaseConnection->simpleQuery()
#3 /var/www/html/EXAMEN/system/Database/BaseBuilder.php(1615): CodeIgniter\Database\BaseConnection->query()
#4 /var/www/html/EXAMEN/system/Model.php(237): CodeIgniter\Database\BaseBuilder->get()
#5 /var/www/html/EXAMEN/system/BaseModel.php(624): CodeIgniter\Model->doFindAll()
#6 /var/www/html/EXAMEN/app/Controllers/UserController.php(15): CodeIgniter\BaseModel->findAll()
#7 /var/www/html/EXAMEN/system/CodeIgniter.php(942): App\Controllers\UserController->index()
#8 /var/www/html/EXAMEN/system/CodeIgniter.php(502): CodeIgniter\CodeIgniter->runController()
#9 /var/www/html/EXAMEN/system/CodeIgniter.php(361): CodeIgniter\CodeIgniter->handleRequest()
#10 /var/www/html/EXAMEN/public/index.php(79): CodeIgniter\CodeIgniter->run()
#11 /var/www/html/EXAMEN/system/Commands/Server/rewrite.php(47): require_once('...')
#12 {main}
CRITICAL - 2023-12-06 20:23:44 --> Unknown column 'photo' in 'field list'
in SYSTEMPATH/Database/BaseConnection.php on line 647.
 1 SYSTEMPATH/Database/BaseBuilder.php(1615): CodeIgniter\Database\BaseConnection->query()
 2 SYSTEMPATH/Model.php(237): CodeIgniter\Database\BaseBuilder->get()
 3 SYSTEMPATH/BaseModel.php(624): CodeIgniter\Model->doFindAll()
 4 APPPATH/Controllers/UserController.php(15): CodeIgniter\BaseModel->findAll()
 5 SYSTEMPATH/CodeIgniter.php(942): App\Controllers\UserController->index()
 6 SYSTEMPATH/CodeIgniter.php(502): CodeIgniter\CodeIgniter->runController()
 7 SYSTEMPATH/CodeIgniter.php(361): CodeIgniter\CodeIgniter->handleRequest()
 8 FCPATH/index.php(79): CodeIgniter\CodeIgniter->run()
 9 SYSTEMPATH/Commands/Server/rewrite.php(47): require_once('/var/www/html/EXAMEN/public/index.php')
CRITICAL - 2023-12-06 20:43:04 --> strtolower(): Argument #1 ($string) must be of type string, array given
in APPPATH/Filters/AuthFilter.php on line 41.
 1 APPPATH/Filters/AuthFilter.php(41): strtolower()
 2 SYSTEMPATH/Filters/Filters.php(186): App\Filters\AuthFilter->before()
 3 SYSTEMPATH/CodeIgniter.php(474): CodeIgniter\Filters\Filters->run()
 4 SYSTEMPATH/CodeIgniter.php(361): CodeIgniter\CodeIgniter->handleRequest()
 5 FCPATH/index.php(79): CodeIgniter\CodeIgniter->run()
 6 SYSTEMPATH/Commands/Server/rewrite.php(47): require_once('/var/www/html/EXAMEN/public/index.php')
CRITICAL - 2023-12-06 21:04:24 --> Call to a member function isValid() on string
in APPPATH/Controllers/Api/Users.php on line 63.
 1 APPPATH/Controllers/Api/Users.php(89): App\Controllers\Api\Users->validateImage()
 2 SYSTEMPATH/CodeIgniter.php(942): App\Controllers\Api\Users->update()
 3 SYSTEMPATH/CodeIgniter.php(502): CodeIgniter\CodeIgniter->runController()
 4 SYSTEMPATH/CodeIgniter.php(361): CodeIgniter\CodeIgniter->handleRequest()
 5 FCPATH/index.php(79): CodeIgniter\CodeIgniter->run()
 6 SYSTEMPATH/Commands/Server/rewrite.php(47): require_once('/var/www/html/EXAMEN/public/index.php')
CRITICAL - 2023-12-06 21:07:12 --> Undefined array key "picture"
in APPPATH/Controllers/Api/Users.php on line 89.
 1 APPPATH/Controllers/Api/Users.php(89): CodeIgniter\Debug\Exceptions->errorHandler()
 2 SYSTEMPATH/CodeIgniter.php(942): App\Controllers\Api\Users->update()
 3 SYSTEMPATH/CodeIgniter.php(502): CodeIgniter\CodeIgniter->runController()
 4 SYSTEMPATH/CodeIgniter.php(361): CodeIgniter\CodeIgniter->handleRequest()
 5 FCPATH/index.php(79): CodeIgniter\CodeIgniter->run()
 6 SYSTEMPATH/Commands/Server/rewrite.php(47): require_once('/var/www/html/EXAMEN/public/index.php')
CRITICAL - 2023-12-06 21:08:11 --> Undefined array key "picture"
in APPPATH/Controllers/Api/Users.php on line 89.
 1 APPPATH/Controllers/Api/Users.php(89): CodeIgniter\Debug\Exceptions->errorHandler()
 2 SYSTEMPATH/CodeIgniter.php(942): App\Controllers\Api\Users->update()
 3 SYSTEMPATH/CodeIgniter.php(502): CodeIgniter\CodeIgniter->runController()
 4 SYSTEMPATH/CodeIgniter.php(361): CodeIgniter\CodeIgniter->handleRequest()
 5 FCPATH/index.php(79): CodeIgniter\CodeIgniter->run()
 6 SYSTEMPATH/Commands/Server/rewrite.php(47): require_once('/var/www/html/EXAMEN/public/index.php')
ERROR - 2023-12-06 21:40:30 --> mysqli_sql_exception: Duplicate entry '551111112' for key 'users.phone' in /var/www/html/EXAMEN/system/Database/MySQLi/Connection.php:306
Stack trace:
#0 /var/www/html/EXAMEN/system/Database/MySQLi/Connection.php(306): mysqli->query()
#1 /var/www/html/EXAMEN/system/Database/BaseConnection.php(693): CodeIgniter\Database\MySQLi\Connection->execute()
#2 /var/www/html/EXAMEN/system/Database/BaseConnection.php(607): CodeIgniter\Database\BaseConnection->simpleQuery()
#3 /var/www/html/EXAMEN/system/Database/BaseBuilder.php(2475): CodeIgniter\Database\BaseConnection->query()
#4 /var/www/html/EXAMEN/system/Model.php(385): CodeIgniter\Database\BaseBuilder->update()
#5 /var/www/html/EXAMEN/system/BaseModel.php(949): CodeIgniter\Model->doUpdate()
#6 /var/www/html/EXAMEN/system/Model.php(776): CodeIgniter\BaseModel->update()
#7 /var/www/html/EXAMEN/app/Controllers/Api/Users.php(99): CodeIgniter\Model->update()
#8 /var/www/html/EXAMEN/system/CodeIgniter.php(942): App\Controllers\Api\Users->update()
#9 /var/www/html/EXAMEN/system/CodeIgniter.php(502): CodeIgniter\CodeIgniter->runController()
#10 /var/www/html/EXAMEN/system/CodeIgniter.php(361): CodeIgniter\CodeIgniter->handleRequest()
#11 /var/www/html/EXAMEN/public/index.php(79): CodeIgniter\CodeIgniter->run()
#12 /var/www/html/EXAMEN/system/Commands/Server/rewrite.php(47): require_once('...')
#13 {main}
CRITICAL - 2023-12-06 21:40:30 --> Duplicate entry '551111112' for key 'users.phone'
in SYSTEMPATH/Database/BaseConnection.php on line 647.
 1 SYSTEMPATH/Database/BaseBuilder.php(2475): CodeIgniter\Database\BaseConnection->query()
 2 SYSTEMPATH/Model.php(385): CodeIgniter\Database\BaseBuilder->update()
 3 SYSTEMPATH/BaseModel.php(949): CodeIgniter\Model->doUpdate()
 4 SYSTEMPATH/Model.php(776): CodeIgniter\BaseModel->update()
 5 APPPATH/Controllers/Api/Users.php(99): CodeIgniter\Model->update()
 6 SYSTEMPATH/CodeIgniter.php(942): App\Controllers\Api\Users->update()
 7 SYSTEMPATH/CodeIgniter.php(502): CodeIgniter\CodeIgniter->runController()
 8 SYSTEMPATH/CodeIgniter.php(361): CodeIgniter\CodeIgniter->handleRequest()
 9 FCPATH/index.php(79): CodeIgniter\CodeIgniter->run()
10 SYSTEMPATH/Commands/Server/rewrite.php(47): require_once('/var/www/html/EXAMEN/public/index.php')
ERROR - 2023-12-06 21:44:14 --> mysqli_sql_exception: Duplicate entry '551111112' for key 'users.phone' in /var/www/html/EXAMEN/system/Database/MySQLi/Connection.php:306
Stack trace:
#0 /var/www/html/EXAMEN/system/Database/MySQLi/Connection.php(306): mysqli->query()
#1 /var/www/html/EXAMEN/system/Database/BaseConnection.php(693): CodeIgniter\Database\MySQLi\Connection->execute()
#2 /var/www/html/EXAMEN/system/Database/BaseConnection.php(607): CodeIgniter\Database\BaseConnection->simpleQuery()
#3 /var/www/html/EXAMEN/system/Database/BaseBuilder.php(2475): CodeIgniter\Database\BaseConnection->query()
#4 /var/www/html/EXAMEN/system/Model.php(385): CodeIgniter\Database\BaseBuilder->update()
#5 /var/www/html/EXAMEN/system/BaseModel.php(949): CodeIgniter\Model->doUpdate()
#6 /var/www/html/EXAMEN/system/Model.php(776): CodeIgniter\BaseModel->update()
#7 /var/www/html/EXAMEN/app/Controllers/Api/Users.php(99): CodeIgniter\Model->update()
#8 /var/www/html/EXAMEN/system/CodeIgniter.php(942): App\Controllers\Api\Users->update()
#9 /var/www/html/EXAMEN/system/CodeIgniter.php(502): CodeIgniter\CodeIgniter->runController()
#10 /var/www/html/EXAMEN/system/CodeIgniter.php(361): CodeIgniter\CodeIgniter->handleRequest()
#11 /var/www/html/EXAMEN/public/index.php(79): CodeIgniter\CodeIgniter->run()
#12 /var/www/html/EXAMEN/system/Commands/Server/rewrite.php(47): require_once('...')
#13 {main}
CRITICAL - 2023-12-06 21:44:14 --> Duplicate entry '551111112' for key 'users.phone'
in SYSTEMPATH/Database/BaseConnection.php on line 647.
 1 SYSTEMPATH/Database/BaseBuilder.php(2475): CodeIgniter\Database\BaseConnection->query()
 2 SYSTEMPATH/Model.php(385): CodeIgniter\Database\BaseBuilder->update()
 3 SYSTEMPATH/BaseModel.php(949): CodeIgniter\Model->doUpdate()
 4 SYSTEMPATH/Model.php(776): CodeIgniter\BaseModel->update()
 5 APPPATH/Controllers/Api/Users.php(99): CodeIgniter\Model->update()
 6 SYSTEMPATH/CodeIgniter.php(942): App\Controllers\Api\Users->update()
 7 SYSTEMPATH/CodeIgniter.php(502): CodeIgniter\CodeIgniter->runController()
 8 SYSTEMPATH/CodeIgniter.php(361): CodeIgniter\CodeIgniter->handleRequest()
 9 FCPATH/index.php(79): CodeIgniter\CodeIgniter->run()
10 SYSTEMPATH/Commands/Server/rewrite.php(47): require_once('/var/www/html/EXAMEN/public/index.php')
CRITICAL - 2023-12-06 22:19:09 --> strtolower(): Argument #1 ($string) must be of type string, array given
in APPPATH/Filters/AuthFilter.php on line 41.
 1 APPPATH/Filters/AuthFilter.php(41): strtolower()
 2 SYSTEMPATH/Filters/Filters.php(186): App\Filters\AuthFilter->before()
 3 SYSTEMPATH/CodeIgniter.php(474): CodeIgniter\Filters\Filters->run()
 4 SYSTEMPATH/CodeIgniter.php(361): CodeIgniter\CodeIgniter->handleRequest()
 5 FCPATH/index.php(79): CodeIgniter\CodeIgniter->run()
 6 SYSTEMPATH/Commands/Server/rewrite.php(47): require_once('/var/www/html/EXAMEN/public/index.php')
CRITICAL - 2023-12-06 22:23:48 --> Syntax error, malformed JSON
in VENDORPATH/firebase/php-jwt/src/JWT.php on line 524.
 1 VENDORPATH/firebase/php-jwt/src/JWT.php(369): Firebase\JWT\JWT::handleJsonError()
 2 VENDORPATH/firebase/php-jwt/src/JWT.php(113): Firebase\JWT\JWT::jsonDecode()
 3 APPPATH/Filters/AuthFilter.php(31): Firebase\JWT\JWT::decode()
 4 SYSTEMPATH/Filters/Filters.php(186): App\Filters\AuthFilter->before()
 5 SYSTEMPATH/CodeIgniter.php(474): CodeIgniter\Filters\Filters->run()
 6 SYSTEMPATH/CodeIgniter.php(361): CodeIgniter\CodeIgniter->handleRequest()
 7 FCPATH/index.php(79): CodeIgniter\CodeIgniter->run()
 8 SYSTEMPATH/Commands/Server/rewrite.php(47): require_once('/var/www/html/EXAMEN/public/index.php')
CRITICAL - 2023-12-06 22:46:38 --> Undefined array key 2
in APPPATH/Filters/AuthFilter.php on line 42.
 1 APPPATH/Filters/AuthFilter.php(42): CodeIgniter\Debug\Exceptions->errorHandler()
 2 SYSTEMPATH/Filters/Filters.php(186): App\Filters\AuthFilter->before()
 3 SYSTEMPATH/CodeIgniter.php(474): CodeIgniter\Filters\Filters->run()
 4 SYSTEMPATH/CodeIgniter.php(361): CodeIgniter\CodeIgniter->handleRequest()
 5 FCPATH/index.php(79): CodeIgniter\CodeIgniter->run()
 6 SYSTEMPATH/Commands/Server/rewrite.php(47): require_once('/var/www/html/EXAMEN/public/index.php')
CRITICAL - 2023-12-06 23:02:26 --> Undefined array key 2
in APPPATH/Filters/AuthFilter.php on line 42.
 1 APPPATH/Filters/AuthFilter.php(42): CodeIgniter\Debug\Exceptions->errorHandler()
 2 SYSTEMPATH/Filters/Filters.php(186): App\Filters\AuthFilter->before()
 3 SYSTEMPATH/CodeIgniter.php(474): CodeIgniter\Filters\Filters->run()
 4 SYSTEMPATH/CodeIgniter.php(361): CodeIgniter\CodeIgniter->handleRequest()
 5 FCPATH/index.php(79): CodeIgniter\CodeIgniter->run()
 6 SYSTEMPATH/Commands/Server/rewrite.php(47): require_once('/var/www/html/EXAMEN/public/index.php')
CRITICAL - 2023-12-06 23:04:12 --> Undefined array key 2
in APPPATH/Filters/AuthFilter.php on line 42.
 1 APPPATH/Filters/AuthFilter.php(42): CodeIgniter\Debug\Exceptions->errorHandler()
 2 SYSTEMPATH/Filters/Filters.php(186): App\Filters\AuthFilter->before()
 3 SYSTEMPATH/CodeIgniter.php(474): CodeIgniter\Filters\Filters->run()
 4 SYSTEMPATH/CodeIgniter.php(361): CodeIgniter\CodeIgniter->handleRequest()
 5 FCPATH/index.php(79): CodeIgniter\CodeIgniter->run()
 6 SYSTEMPATH/Commands/Server/rewrite.php(47): require_once('/var/www/html/EXAMEN/public/index.php')
CRITICAL - 2023-12-06 23:10:12 --> Undefined array key "id_user_type"
in APPPATH/Controllers/Api/Users.php on line 87.
 1 APPPATH/Controllers/Api/Users.php(87): CodeIgniter\Debug\Exceptions->errorHandler()
 2 SYSTEMPATH/CodeIgniter.php(942): App\Controllers\Api\Users->update()
 3 SYSTEMPATH/CodeIgniter.php(502): CodeIgniter\CodeIgniter->runController()
 4 SYSTEMPATH/CodeIgniter.php(361): CodeIgniter\CodeIgniter->handleRequest()
 5 FCPATH/index.php(79): CodeIgniter\CodeIgniter->run()
 6 SYSTEMPATH/Commands/Server/rewrite.php(47): require_once('/var/www/html/EXAMEN/public/index.php')
CRITICAL - 2023-12-06 23:12:40 --> Undefined array key 2
in APPPATH/Filters/AuthFilter.php on line 43.
 1 APPPATH/Filters/AuthFilter.php(43): CodeIgniter\Debug\Exceptions->errorHandler()
 2 SYSTEMPATH/Filters/Filters.php(186): App\Filters\AuthFilter->before()
 3 SYSTEMPATH/CodeIgniter.php(474): CodeIgniter\Filters\Filters->run()
 4 SYSTEMPATH/CodeIgniter.php(361): CodeIgniter\CodeIgniter->handleRequest()
 5 FCPATH/index.php(79): CodeIgniter\CodeIgniter->run()
 6 SYSTEMPATH/Commands/Server/rewrite.php(47): require_once('/var/www/html/EXAMEN/public/index.php')
CRITICAL - 2023-12-06 23:13:40 --> Undefined array key 2
in APPPATH/Filters/AuthFilter.php on line 44.
 1 APPPATH/Filters/AuthFilter.php(44): CodeIgniter\Debug\Exceptions->errorHandler()
 2 SYSTEMPATH/Filters/Filters.php(186): App\Filters\AuthFilter->before()
 3 SYSTEMPATH/CodeIgniter.php(474): CodeIgniter\Filters\Filters->run()
 4 SYSTEMPATH/CodeIgniter.php(361): CodeIgniter\CodeIgniter->handleRequest()
 5 FCPATH/index.php(79): CodeIgniter\CodeIgniter->run()
 6 SYSTEMPATH/Commands/Server/rewrite.php(47): require_once('/var/www/html/EXAMEN/public/index.php')
